2025-09-11 20:36:33 | INFO | Sent message to topic 'smoker_csv': {'timestamp': '2025-09-12T01:36:33.380859', 'temperature': 118.8}
2025-09-11 20:36:38 | INFO | Sent message to topic 'smoker_csv': {'timestamp': '2025-09-12T01:36:38.382733', 'temperature': 119.2}
2025-09-11 20:36:43 | INFO | Sent message to topic 'smoker_csv': {'timestamp': '2025-09-12T01:36:43.385934', 'temperature': 119.6}
2025-09-11 20:36:48 | INFO | Sent message to topic 'smoker_csv': {'timestamp': '2025-09-12T01:36:48.387837', 'temperature': 120.0}
2025-09-11 20:36:53 | INFO | Sent message to topic 'smoker_csv': {'timestamp': '2025-09-12T01:36:53.390700', 'temperature': 120.4}
2025-09-11 20:36:58 | INFO | Sent message to topic 'smoker_csv': {'timestamp': '2025-09-12T01:36:58.394067', 'temperature': 120.8}
2025-09-11 20:37:03 | INFO | Sent message to topic 'smoker_csv': {'timestamp': '2025-09-12T01:37:03.397675', 'temperature': 121.2}
2025-09-11 20:37:08 | INFO | Sent message to topic 'smoker_csv': {'timestamp': '2025-09-12T01:37:08.399954', 'temperature': 121.6}
2025-09-11 20:37:13 | INFO | Sent message to topic 'smoker_csv': {'timestamp': '2025-09-12T01:37:13.402845', 'temperature': 122.0}
2025-09-11 20:37:18 | INFO | Sent message to topic 'smoker_csv': {'timestamp': '2025-09-12T01:37:18.406946', 'temperature': 122.4}
2025-09-11 20:37:23 | INFO | Sent message to topic 'smoker_csv': {'timestamp': '2025-09-12T01:37:23.411315', 'temperature': 122.8}
2025-09-11 20:37:28 | INFO | Sent message to topic 'smoker_csv': {'timestamp': '2025-09-12T01:37:28.414139', 'temperature': 123.2}
2025-09-11 20:37:33 | INFO | Sent message to topic 'smoker_csv': {'timestamp': '2025-09-12T01:37:33.417915', 'temperature': 123.6}
2025-09-11 20:37:38 | INFO | Sent message to topic 'smoker_csv': {'timestamp': '2025-09-12T01:37:38.420219', 'temperature': 124.0}
2025-09-11 20:37:43 | INFO | Sent message to topic 'smoker_csv': {'timestamp': '2025-09-12T01:37:43.422588', 'temperature': 124.4}
2025-09-11 20:37:48 | INFO | Sent message to topic 'smoker_csv': {'timestamp': '2025-09-12T01:37:48.428250', 'temperature': 124.8}
2025-09-11 20:37:53 | INFO | Sent message to topic 'smoker_csv': {'timestamp': '2025-09-12T01:37:53.430814', 'temperature': 125.2}
2025-09-11 20:37:58 | INFO | Sent message to topic 'smoker_csv': {'timestamp': '2025-09-12T01:37:58.433914', 'temperature': 125.6}
2025-09-11 20:38:03 | INFO | Sent message to topic 'smoker_csv': {'timestamp': '2025-09-12T01:38:03.436833', 'temperature': 126.0}
2025-09-11 20:38:08 | INFO | Sent message to topic 'smoker_csv': {'timestamp': '2025-09-12T01:38:08.438393', 'temperature': 126.4}
2025-09-11 20:38:13 | INFO | Sent message to topic 'smoker_csv': {'timestamp': '2025-09-12T01:38:13.440861', 'temperature': 126.8}
2025-09-11 20:38:18 | INFO | Sent message to topic 'smoker_csv': {'timestamp': '2025-09-12T01:38:18.444820', 'temperature': 127.2}
2025-09-11 20:38:23 | INFO | Sent message to topic 'smoker_csv': {'timestamp': '2025-09-12T01:38:23.447794', 'temperature': 127.6}
2025-09-11 20:38:28 | INFO | Sent message to topic 'smoker_csv': {'timestamp': '2025-09-12T01:38:28.451410', 'temperature': 128.0}
2025-09-11 20:38:33 | INFO | Sent message to topic 'smoker_csv': {'timestamp': '2025-09-12T01:38:33.455295', 'temperature': 128.4}
2025-09-11 20:38:38 | INFO | Sent message to topic 'smoker_csv': {'timestamp': '2025-09-12T01:38:38.457778', 'temperature': 128.8}
2025-09-11 20:38:43 | INFO | Sent message to topic 'smoker_csv': {'timestamp': '2025-09-12T01:38:43.462520', 'temperature': 129.2}
2025-09-11 20:38:48 | INFO | Sent message to topic 'smoker_csv': {'timestamp': '2025-09-12T01:38:48.466207', 'temperature': 129.6}
2025-09-11 20:38:53 | INFO | Sent message to topic 'smoker_csv': {'timestamp': '2025-09-12T01:38:53.469891', 'temperature': 130.0}
2025-09-11 20:38:58 | INFO | Sent message to topic 'smoker_csv': {'timestamp': '2025-09-12T01:38:58.479743', 'temperature': 130.4}
2025-09-11 20:39:03 | INFO | Sent message to topic 'smoker_csv': {'timestamp': '2025-09-12T01:39:03.497598', 'temperature': 130.8}
2025-09-11 20:39:08 | INFO | Sent message to topic 'smoker_csv': {'timestamp': '2025-09-12T01:39:08.501558', 'temperature': 131.2}
2025-09-11 20:39:13 | INFO | Sent message to topic 'smoker_csv': {'timestamp': '2025-09-12T01:39:13.505031', 'temperature': 131.6}
2025-09-11 20:39:18 | INFO | Sent message to topic 'smoker_csv': {'timestamp': '2025-09-12T01:39:18.509937', 'temperature': 132.0}
2025-09-11 20:39:23 | INFO | Sent message to topic 'smoker_csv': {'timestamp': '2025-09-12T01:39:23.513665', 'temperature': 132.4}
2025-09-11 20:39:28 | INFO | Sent message to topic 'smoker_csv': {'timestamp': '2025-09-12T01:39:28.518979', 'temperature': 132.8}
2025-09-11 20:39:33 | INFO | Sent message to topic 'smoker_csv': {'timestamp': '2025-09-12T01:39:33.524822', 'temperature': 133.2}
2025-09-11 20:39:38 | INFO | Sent message to topic 'smoker_csv': {'timestamp': '2025-09-12T01:39:38.530258', 'temperature': 133.6}
2025-09-11 20:39:43 | INFO | Sent message to topic 'smoker_csv': {'timestamp': '2025-09-12T01:39:43.534533', 'temperature': 134.0}
2025-09-11 20:39:48 | INFO | Sent message to topic 'smoker_csv': {'timestamp': '2025-09-12T01:39:48.539826', 'temperature': 134.4}
2025-09-11 20:39:53 | INFO | Sent message to topic 'smoker_csv': {'timestamp': '2025-09-12T01:39:53.544131', 'temperature': 134.8}
2025-09-11 20:39:58 | INFO | Sent message to topic 'smoker_csv': {'timestamp': '2025-09-12T01:39:58.550359', 'temperature': 135.2}
2025-09-11 20:40:03 | INFO | Sent message to topic 'smoker_csv': {'timestamp': '2025-09-12T01:40:03.554622', 'temperature': 135.6}
2025-09-11 20:40:08 | INFO | Sent message to topic 'smoker_csv': {'timestamp': '2025-09-12T01:40:08.556783', 'temperature': 136.0}
2025-09-11 20:40:13 | INFO | Sent message to topic 'smoker_csv': {'timestamp': '2025-09-12T01:40:13.563131', 'temperature': 136.4}
2025-09-11 20:40:18 | INFO | Sent message to topic 'smoker_csv': {'timestamp': '2025-09-12T01:40:18.568501', 'temperature': 136.8}
2025-09-11 20:40:23 | INFO | Sent message to topic 'smoker_csv': {'timestamp': '2025-09-12T01:40:23.570947', 'temperature': 137.2}
2025-09-11 20:40:28 | INFO | Sent message to topic 'smoker_csv': {'timestamp': '2025-09-12T01:40:28.573789', 'temperature': 137.6}
2025-09-11 20:40:33 | INFO | Sent message to topic 'smoker_csv': {'timestamp': '2025-09-12T01:40:33.581923', 'temperature': 138.0}
2025-09-11 20:40:38 | INFO | Sent message to topic 'smoker_csv': {'timestamp': '2025-09-12T01:40:38.586744', 'temperature': 138.4}
2025-09-11 20:40:43 | INFO | Sent message to topic 'smoker_csv': {'timestamp': '2025-09-12T01:40:43.591585', 'temperature': 138.8}
2025-09-11 20:40:48 | INFO | Sent message to topic 'smoker_csv': {'timestamp': '2025-09-12T01:40:48.598123', 'temperature': 139.2}
2025-09-11 20:40:53 | INFO | Sent message to topic 'smoker_csv': {'timestamp': '2025-09-12T01:40:53.603299', 'temperature': 139.6}
2025-09-11 20:40:58 | INFO | Sent message to topic 'smoker_csv': {'timestamp': '2025-09-12T01:40:58.608167', 'temperature': 140.0}
2025-09-11 20:41:03 | INFO | Sent message to topic 'smoker_csv': {'timestamp': '2025-09-12T01:41:03.612906', 'temperature': 140.4}
2025-09-11 20:41:08 | INFO | Sent message to topic 'smoker_csv': {'timestamp': '2025-09-12T01:41:08.617303', 'temperature': 140.8}
2025-09-11 20:41:13 | INFO | Sent message to topic 'smoker_csv': {'timestamp': '2025-09-12T01:41:13.622934', 'temperature': 141.2}
2025-09-11 20:41:18 | INFO | Sent message to topic 'smoker_csv': {'timestamp': '2025-09-12T01:41:18.624964', 'temperature': 141.6}
2025-09-11 20:41:23 | INFO | Sent message to topic 'smoker_csv': {'timestamp': '2025-09-12T01:41:23.634289', 'temperature': 142.0}
2025-09-11 20:41:28 | INFO | Sent message to topic 'smoker_csv': {'timestamp': '2025-09-12T01:41:28.642213', 'temperature': 142.2}
2025-09-11 20:41:30 | INFO | Logging to file: logs/project_log.log
2025-09-11 20:41:30 | INFO | Log sanitization enabled, personal info removed
2025-09-11 20:41:31 | INFO | START consumer.
2025-09-11 20:41:31 | INFO | Kafka topic: smoker_csv
2025-09-11 20:41:31 | INFO | Kafka consumer group id: smoker_group
2025-09-11 20:41:31 | INFO | Rolling window size: 10
2025-09-11 20:41:31 | INFO | Consumer: Topic 'smoker_csv' and group 'smoker_group'...
2025-09-11 20:41:31 | INFO | Rolling window size: 10
2025-09-11 20:41:31 | INFO | Kafka broker address: localhost:9092
2025-09-11 20:41:31 | INFO | Creating Kafka consumer. Topic='smoker_csv' and group ID='smoker_group'.
2025-09-11 20:41:31 | INFO | Kafka consumer created successfully.
2025-09-11 20:41:31 | INFO | Polling messages from topic 'smoker_csv'...
2025-09-11 20:41:33 | INFO | Sent message to topic 'smoker_csv': {'timestamp': '2025-09-12T01:41:33.646344', 'temperature': 142.0}
2025-09-11 20:41:38 | INFO | Sent message to topic 'smoker_csv': {'timestamp': '2025-09-12T01:41:38.653822', 'temperature': 142.2}
2025-09-11 20:41:43 | INFO | Sent message to topic 'smoker_csv': {'timestamp': '2025-09-12T01:41:43.659155', 'temperature': 142.0}
2025-09-11 20:41:48 | INFO | Sent message to topic 'smoker_csv': {'timestamp': '2025-09-12T01:41:48.666032', 'temperature': 142.2}
2025-09-11 20:41:53 | INFO | Sent message to topic 'smoker_csv': {'timestamp': '2025-09-12T01:41:53.670276', 'temperature': 142.0}
2025-09-11 20:41:58 | INFO | Sent message to topic 'smoker_csv': {'timestamp': '2025-09-12T01:41:58.674962', 'temperature': 142.2}
2025-09-11 20:42:03 | INFO | Sent message to topic 'smoker_csv': {'timestamp': '2025-09-12T01:42:03.682325', 'temperature': 142.0}
2025-09-11 20:42:08 | INFO | Sent message to topic 'smoker_csv': {'timestamp': '2025-09-12T01:42:08.688824', 'temperature': 142.2}
2025-09-11 20:42:13 | INFO | Sent message to topic 'smoker_csv': {'timestamp': '2025-09-12T01:42:13.696980', 'temperature': 142.0}
2025-09-11 20:42:18 | INFO | Sent message to topic 'smoker_csv': {'timestamp': '2025-09-12T01:42:18.706549', 'temperature': 142.2}
2025-09-11 20:42:23 | INFO | Sent message to topic 'smoker_csv': {'timestamp': '2025-09-12T01:42:23.709883', 'temperature': 142.0}
2025-09-11 20:42:28 | INFO | Sent message to topic 'smoker_csv': {'timestamp': '2025-09-12T01:42:28.711775', 'temperature': 142.2}
2025-09-11 20:42:29 | INFO | Logging to file: logs/project_log.log
2025-09-11 20:42:29 | INFO | Log sanitization enabled, personal info removed
2025-09-11 20:42:29 | INFO | Project root: PROJECT_ROOT
2025-09-11 20:42:29 | INFO | Data folder: PROJECT_ROOT/data
2025-09-11 20:42:29 | INFO | Data file: PROJECT_ROOT/data/smoker_temps.csv
2025-09-11 20:42:29 | INFO | START producer.
2025-09-11 20:42:29 | INFO | Kafka broker address: localhost:9092
2025-09-11 20:42:31 | ERROR | Error checking Kafka: NodeNotReadyError
2025-09-11 20:42:31 | ERROR | Kafka broker is not ready. Please check your Kafka setup. Exiting...
2025-09-11 20:42:33 | INFO | Sent message to topic 'smoker_csv': {'timestamp': '2025-09-12T01:42:33.718609', 'temperature': 142.0}
2025-09-11 20:42:38 | INFO | Sent message to topic 'smoker_csv': {'timestamp': '2025-09-12T01:42:38.724211', 'temperature': 142.2}
2025-09-11 20:42:43 | INFO | Sent message to topic 'smoker_csv': {'timestamp': '2025-09-12T01:42:43.732653', 'temperature': 142.0}
2025-09-11 20:42:48 | INFO | Sent message to topic 'smoker_csv': {'timestamp': '2025-09-12T01:42:48.736775', 'temperature': 142.2}
2025-09-11 20:42:53 | INFO | Sent message to topic 'smoker_csv': {'timestamp': '2025-09-12T01:42:53.742443', 'temperature': 142.0}
2025-09-11 20:42:58 | INFO | Sent message to topic 'smoker_csv': {'timestamp': '2025-09-12T01:42:58.748216', 'temperature': 142.2}
2025-09-11 20:43:03 | INFO | Sent message to topic 'smoker_csv': {'timestamp': '2025-09-12T01:43:03.754413', 'temperature': 142.0}
2025-09-11 20:43:08 | INFO | Sent message to topic 'smoker_csv': {'timestamp': '2025-09-12T01:43:08.758015', 'temperature': 142.2}
2025-09-11 20:43:13 | INFO | Sent message to topic 'smoker_csv': {'timestamp': '2025-09-12T01:43:13.765790', 'temperature': 142.0}
2025-09-11 20:43:18 | INFO | Sent message to topic 'smoker_csv': {'timestamp': '2025-09-12T01:43:18.770275', 'temperature': 142.2}
2025-09-11 20:43:21 | WARNING | Consumer interrupted by user.
2025-09-11 20:43:21 | INFO | Kafka consumer for topic 'smoker_csv' closed.
2025-09-11 20:43:23 | INFO | Sent message to topic 'smoker_csv': {'timestamp': '2025-09-12T01:43:23.776025', 'temperature': 142.0}
2025-09-11 20:43:28 | INFO | Sent message to topic 'smoker_csv': {'timestamp': '2025-09-12T01:43:28.782323', 'temperature': 142.2}
2025-09-11 20:43:33 | INFO | Sent message to topic 'smoker_csv': {'timestamp': '2025-09-12T01:43:33.785248', 'temperature': 142.0}
2025-09-11 20:43:38 | INFO | Sent message to topic 'smoker_csv': {'timestamp': '2025-09-12T01:43:38.787678', 'temperature': 142.2}
2025-09-11 20:43:43 | INFO | Sent message to topic 'smoker_csv': {'timestamp': '2025-09-12T01:43:43.789173', 'temperature': 142.0}
2025-09-11 20:43:48 | INFO | Sent message to topic 'smoker_csv': {'timestamp': '2025-09-12T01:43:48.795208', 'temperature': 142.2}
2025-09-11 20:43:53 | INFO | Sent message to topic 'smoker_csv': {'timestamp': '2025-09-12T01:43:53.802735', 'temperature': 142.0}
2025-09-11 20:43:58 | INFO | Sent message to topic 'smoker_csv': {'timestamp': '2025-09-12T01:43:58.806757', 'temperature': 142.2}
2025-09-11 20:44:03 | INFO | Sent message to topic 'smoker_csv': {'timestamp': '2025-09-12T01:44:03.809707', 'temperature': 142.0}
2025-09-11 20:44:08 | INFO | Sent message to topic 'smoker_csv': {'timestamp': '2025-09-12T01:44:08.814099', 'temperature': 142.2}
2025-09-11 20:44:13 | INFO | Sent message to topic 'smoker_csv': {'timestamp': '2025-09-12T01:44:13.816862', 'temperature': 142.0}
2025-09-11 20:44:18 | INFO | Sent message to topic 'smoker_csv': {'timestamp': '2025-09-12T01:44:18.820593', 'temperature': 142.2}
2025-09-11 20:44:23 | INFO | Sent message to topic 'smoker_csv': {'timestamp': '2025-09-12T01:44:23.823043', 'temperature': 142.0}
2025-09-11 20:44:28 | INFO | Sent message to topic 'smoker_csv': {'timestamp': '2025-09-12T01:44:28.825183', 'temperature': 142.2}
2025-09-11 20:45:32 | INFO | Logging to file: logs/project_log.log
2025-09-11 20:45:32 | INFO | Log sanitization enabled, personal info removed
2025-09-11 20:45:32 | INFO | Project root: PROJECT_ROOT
2025-09-11 20:45:32 | INFO | Data folder: PROJECT_ROOT/data
2025-09-11 20:45:32 | INFO | Data file: PROJECT_ROOT/data/smoker_temps.csv
2025-09-11 20:45:32 | INFO | START producer.
2025-09-11 20:45:32 | INFO | Kafka broker address: localhost:9092
2025-09-11 20:45:34 | ERROR | Error checking Kafka: NodeNotReadyError
2025-09-11 20:45:34 | ERROR | Kafka broker is not ready. Please check your Kafka setup. Exiting...
2025-09-11 20:52:56 | INFO | Logging to file: logs/project_log.log
2025-09-11 20:52:56 | INFO | Log sanitization enabled, personal info removed
2025-09-11 20:52:56 | INFO | Project root: PROJECT_ROOT
2025-09-11 20:52:56 | INFO | Data folder: PROJECT_ROOT/data
2025-09-11 20:52:56 | INFO | Data file: PROJECT_ROOT/data/smoker_temps.csv
2025-09-11 20:52:56 | INFO | START producer.
2025-09-11 20:52:56 | INFO | Kafka broker address: localhost:9092
2025-09-11 20:52:58 | ERROR | Error checking Kafka: NodeNotReadyError
2025-09-11 20:52:58 | ERROR | Kafka broker is not ready. Please check your Kafka setup. Exiting...
2025-09-11 20:55:08 | INFO | Logging to file: logs/project_log.log
2025-09-11 20:55:08 | INFO | Log sanitization enabled, personal info removed
2025-09-11 20:55:08 | INFO | Project root: PROJECT_ROOT
2025-09-11 20:55:08 | INFO | Data folder: PROJECT_ROOT/data
2025-09-11 20:55:08 | INFO | Data file: PROJECT_ROOT/data/smoker_temps.csv
2025-09-11 20:55:08 | INFO | START producer.
2025-09-11 20:55:08 | INFO | Kafka broker address: localhost:9092
2025-09-11 20:55:11 | ERROR | Error checking Kafka: NodeNotReadyError
2025-09-11 20:55:11 | ERROR | Kafka broker is not ready. Please check your Kafka setup. Exiting...
2025-09-11 20:57:12 | INFO | Logging to file: logs/project_log.log
2025-09-11 20:57:12 | INFO | Log sanitization enabled, personal info removed
2025-09-11 20:57:13 | INFO | Project root: PROJECT_ROOT
2025-09-11 20:57:13 | INFO | Data folder: PROJECT_ROOT/data
2025-09-11 20:57:13 | INFO | Data file: PROJECT_ROOT/data/smoker_temps.csv
2025-09-11 20:57:13 | INFO | START producer.
2025-09-11 20:57:13 | INFO | Kafka broker address: localhost:9092
2025-09-11 20:57:15 | ERROR | Error checking Kafka: NodeNotReadyError
2025-09-11 20:57:15 | ERROR | Kafka broker is not ready. Please check your Kafka setup. Exiting...
2025-09-11 21:01:32 | INFO | Logging to file: logs/project_log.log
2025-09-11 21:01:32 | INFO | Log sanitization enabled, personal info removed
2025-09-11 21:01:32 | INFO | Project root: PROJECT_ROOT
2025-09-11 21:01:32 | INFO | Data folder: PROJECT_ROOT/data
2025-09-11 21:01:32 | INFO | Data file: PROJECT_ROOT/data/smoker_temps.csv
2025-09-11 21:01:32 | INFO | START producer.
2025-09-11 21:01:32 | INFO | Kafka broker address: localhost:9092
2025-09-11 21:01:34 | ERROR | Error checking Kafka: NodeNotReadyError
2025-09-11 21:01:34 | ERROR | Kafka broker is not ready. Please check your Kafka setup. Exiting...
2025-09-11 21:02:05 | INFO | Logging to file: logs/project_log.log
2025-09-11 21:02:05 | INFO | Log sanitization enabled, personal info removed
2025-09-11 21:02:05 | INFO | Project root: PROJECT_ROOT
2025-09-11 21:02:05 | INFO | Data folder: PROJECT_ROOT/data
2025-09-11 21:02:05 | INFO | Data file: PROJECT_ROOT/data/smoker_temps.csv
2025-09-11 21:02:05 | INFO | START producer.
2025-09-11 21:02:05 | INFO | Kafka broker address: localhost:9092
2025-09-11 21:02:08 | ERROR | Error checking Kafka: NodeNotReadyError
2025-09-11 21:02:08 | ERROR | Kafka broker is not ready. Please check your Kafka setup. Exiting...
2025-09-11 21:03:17 | INFO | Logging to file: logs/project_log.log
2025-09-11 21:03:17 | INFO | Log sanitization enabled, personal info removed
2025-09-11 21:03:17 | INFO | Project root: PROJECT_ROOT
2025-09-11 21:03:17 | INFO | Data folder: PROJECT_ROOT/data
2025-09-11 21:03:17 | INFO | Data file: PROJECT_ROOT/data/smoker_temps.csv
2025-09-11 21:03:17 | INFO | START producer.
2025-09-11 21:03:17 | INFO | Kafka broker address: localhost:9092
2025-09-11 21:03:20 | ERROR | Error checking Kafka: NodeNotReadyError
2025-09-11 21:03:20 | ERROR | Kafka broker is not ready. Please check your Kafka setup. Exiting...
2025-09-11 21:04:43 | INFO | Logging to file: logs/project_log.log
2025-09-11 21:04:43 | INFO | Log sanitization enabled, personal info removed
2025-09-11 21:04:43 | INFO | Project root: PROJECT_ROOT
2025-09-11 21:04:43 | INFO | Data folder: PROJECT_ROOT/data
2025-09-11 21:04:43 | INFO | Data file: PROJECT_ROOT/data/smoker_temps.csv
2025-09-11 21:04:43 | INFO | START producer.
2025-09-11 21:04:43 | INFO | Kafka broker address: localhost:9092
2025-09-11 21:04:43 | INFO | Kafka is ready. Brokers: {'throttle_time_ms': 0, 'brokers': [{'node_id': 1, 'host': 'localhost', 'port': 9092, 'rack': None}], 'cluster_id': 'HpVDt2xUThyOIoAj7H8wjg', 'controller_id': 1}
2025-09-11 21:04:43 | INFO | Kafka topic: smoker_csv
2025-09-11 21:04:43 | INFO | Message interval: 5 seconds
2025-09-11 21:04:43 | INFO | Kafka broker address: localhost:9092
2025-09-11 21:04:43 | INFO | Connecting to Kafka broker at localhost:9092...
2025-09-11 21:04:43 | INFO | Kafka producer successfully created.
2025-09-11 21:04:43 | INFO | Kafka broker address: localhost:9092
2025-09-11 21:04:44 | INFO | Topic 'smoker_csv' already exists. Recreating fresh...
2025-09-11 21:04:44 | INFO | Requested deletion of topic 'smoker_csv'.
2025-09-11 21:04:44 | INFO | Topic 'smoker_csv' created successfully.
2025-09-11 21:04:44 | INFO | Kafka topic 'smoker_csv' is ready.
2025-09-11 21:04:44 | INFO | Starting message production to topic 'smoker_csv'...
2025-09-11 21:04:44 | INFO | Opening data file in read mode: PROJECT_ROOT/data/smoker_temps.csv
2025-09-11 21:04:44 | INFO | Reading data from file: PROJECT_ROOT/data/smoker_temps.csv
2025-09-11 21:04:44 | INFO | Sent message to topic 'smoker_csv': {'timestamp': '2025-09-12T02:04:44.191931', 'temperature': 70.4}
2025-09-11 21:04:49 | INFO | Sent message to topic 'smoker_csv': {'timestamp': '2025-09-12T02:04:49.195954', 'temperature': 70.8}
2025-09-11 21:04:54 | INFO | Sent message to topic 'smoker_csv': {'timestamp': '2025-09-12T02:04:54.199607', 'temperature': 71.2}
2025-09-11 21:04:59 | INFO | Sent message to topic 'smoker_csv': {'timestamp': '2025-09-12T02:04:59.204340', 'temperature': 71.6}
2025-09-11 21:05:04 | INFO | Sent message to topic 'smoker_csv': {'timestamp': '2025-09-12T02:05:04.207971', 'temperature': 72.0}
2025-09-11 21:05:09 | INFO | Sent message to topic 'smoker_csv': {'timestamp': '2025-09-12T02:05:09.210912', 'temperature': 72.4}
2025-09-11 21:05:14 | INFO | Sent message to topic 'smoker_csv': {'timestamp': '2025-09-12T02:05:14.215940', 'temperature': 72.8}
2025-09-11 21:05:17 | INFO | Logging to file: logs/project_log.log
2025-09-11 21:05:17 | INFO | Log sanitization enabled, personal info removed
2025-09-11 21:05:17 | INFO | START consumer.
2025-09-11 21:05:17 | INFO | Kafka topic: smoker_csv
2025-09-11 21:05:17 | INFO | Kafka consumer group id: smoker_group
2025-09-11 21:05:17 | INFO | Rolling window size: 10
2025-09-11 21:05:17 | INFO | Consumer: Topic 'smoker_csv' and group 'smoker_group'...
2025-09-11 21:05:17 | INFO | Rolling window size: 10
2025-09-11 21:05:17 | INFO | Kafka broker address: localhost:9092
2025-09-11 21:05:17 | INFO | Creating Kafka consumer. Topic='smoker_csv' and group ID='smoker_group'.
2025-09-11 21:05:17 | INFO | Kafka consumer created successfully.
2025-09-11 21:05:17 | INFO | Polling messages from topic 'smoker_csv'...
2025-09-11 21:05:17 | ERROR | Error while consuming messages: Invalid file descriptor: -1
2025-09-11 21:05:17 | INFO | Kafka consumer for topic 'smoker_csv' closed.
2025-09-11 21:05:19 | INFO | Sent message to topic 'smoker_csv': {'timestamp': '2025-09-12T02:05:19.222743', 'temperature': 73.2}
2025-09-11 21:05:24 | INFO | Sent message to topic 'smoker_csv': {'timestamp': '2025-09-12T02:05:24.232574', 'temperature': 73.6}
2025-09-11 21:05:29 | INFO | Sent message to topic 'smoker_csv': {'timestamp': '2025-09-12T02:05:29.238162', 'temperature': 74.0}
2025-09-11 21:05:34 | INFO | Sent message to topic 'smoker_csv': {'timestamp': '2025-09-12T02:05:34.241078', 'temperature': 74.4}
2025-09-11 21:05:39 | INFO | Sent message to topic 'smoker_csv': {'timestamp': '2025-09-12T02:05:39.244288', 'temperature': 74.8}
2025-09-11 21:05:44 | INFO | Sent message to topic 'smoker_csv': {'timestamp': '2025-09-12T02:05:44.248348', 'temperature': 75.2}
2025-09-11 21:05:49 | INFO | Sent message to topic 'smoker_csv': {'timestamp': '2025-09-12T02:05:49.250698', 'temperature': 75.6}
2025-09-11 21:05:54 | INFO | Sent message to topic 'smoker_csv': {'timestamp': '2025-09-12T02:05:54.256535', 'temperature': 76.0}
2025-09-11 21:05:59 | INFO | Sent message to topic 'smoker_csv': {'timestamp': '2025-09-12T02:05:59.262003', 'temperature': 76.4}
2025-09-11 21:06:04 | INFO | Sent message to topic 'smoker_csv': {'timestamp': '2025-09-12T02:06:04.266141', 'temperature': 76.8}
2025-09-11 21:06:09 | INFO | Sent message to topic 'smoker_csv': {'timestamp': '2025-09-12T02:06:09.272211', 'temperature': 77.2}
2025-09-11 21:06:14 | INFO | Sent message to topic 'smoker_csv': {'timestamp': '2025-09-12T02:06:14.278800', 'temperature': 77.6}
2025-09-11 21:06:19 | INFO | Sent message to topic 'smoker_csv': {'timestamp': '2025-09-12T02:06:19.285239', 'temperature': 78.0}
2025-09-11 21:06:24 | INFO | Sent message to topic 'smoker_csv': {'timestamp': '2025-09-12T02:06:24.289956', 'temperature': 78.4}
2025-09-11 21:06:29 | INFO | Sent message to topic 'smoker_csv': {'timestamp': '2025-09-12T02:06:29.296499', 'temperature': 78.8}
2025-09-11 21:06:34 | INFO | Sent message to topic 'smoker_csv': {'timestamp': '2025-09-12T02:06:34.301655', 'temperature': 79.2}
2025-09-11 21:06:39 | INFO | Sent message to topic 'smoker_csv': {'timestamp': '2025-09-12T02:06:39.306904', 'temperature': 79.6}
2025-09-11 21:06:44 | INFO | Sent message to topic 'smoker_csv': {'timestamp': '2025-09-12T02:06:44.311731', 'temperature': 80.0}
2025-09-11 21:06:49 | INFO | Sent message to topic 'smoker_csv': {'timestamp': '2025-09-12T02:06:49.319323', 'temperature': 80.4}
2025-09-11 21:06:54 | INFO | Sent message to topic 'smoker_csv': {'timestamp': '2025-09-12T02:06:54.323411', 'temperature': 80.8}
2025-09-11 21:06:59 | INFO | Sent message to topic 'smoker_csv': {'timestamp': '2025-09-12T02:06:59.326745', 'temperature': 81.2}
2025-09-11 21:07:04 | INFO | Sent message to topic 'smoker_csv': {'timestamp': '2025-09-12T02:07:04.333858', 'temperature': 81.6}
2025-09-11 21:07:09 | INFO | Sent message to topic 'smoker_csv': {'timestamp': '2025-09-12T02:07:09.342262', 'temperature': 82.0}
2025-09-11 21:07:14 | INFO | Sent message to topic 'smoker_csv': {'timestamp': '2025-09-12T02:07:14.346345', 'temperature': 82.4}
2025-09-11 21:07:19 | INFO | Sent message to topic 'smoker_csv': {'timestamp': '2025-09-12T02:07:19.354291', 'temperature': 82.8}
2025-09-11 21:07:24 | INFO | Sent message to topic 'smoker_csv': {'timestamp': '2025-09-12T02:07:24.359984', 'temperature': 83.2}
2025-09-11 21:07:29 | INFO | Sent message to topic 'smoker_csv': {'timestamp': '2025-09-12T02:07:29.362413', 'temperature': 83.6}
2025-09-11 21:07:34 | INFO | Sent message to topic 'smoker_csv': {'timestamp': '2025-09-12T02:07:34.367668', 'temperature': 84.0}
2025-09-11 21:07:39 | INFO | Sent message to topic 'smoker_csv': {'timestamp': '2025-09-12T02:07:39.373713', 'temperature': 84.4}
2025-09-11 21:07:44 | INFO | Sent message to topic 'smoker_csv': {'timestamp': '2025-09-12T02:07:44.378904', 'temperature': 84.8}
2025-09-11 21:07:49 | INFO | Sent message to topic 'smoker_csv': {'timestamp': '2025-09-12T02:07:49.386645', 'temperature': 85.2}
2025-09-11 21:07:54 | INFO | Sent message to topic 'smoker_csv': {'timestamp': '2025-09-12T02:07:54.393256', 'temperature': 85.6}
2025-09-11 21:07:59 | INFO | Sent message to topic 'smoker_csv': {'timestamp': '2025-09-12T02:07:59.399550', 'temperature': 86.0}
2025-09-11 21:08:04 | INFO | Sent message to topic 'smoker_csv': {'timestamp': '2025-09-12T02:08:04.406174', 'temperature': 86.4}
2025-09-11 21:08:09 | INFO | Sent message to topic 'smoker_csv': {'timestamp': '2025-09-12T02:08:09.409907', 'temperature': 86.8}
2025-09-11 21:08:14 | INFO | Sent message to topic 'smoker_csv': {'timestamp': '2025-09-12T02:08:14.415094', 'temperature': 87.2}
2025-09-11 21:08:19 | INFO | Sent message to topic 'smoker_csv': {'timestamp': '2025-09-12T02:08:19.417866', 'temperature': 87.6}
2025-09-11 21:08:24 | INFO | Sent message to topic 'smoker_csv': {'timestamp': '2025-09-12T02:08:24.426000', 'temperature': 88.0}
2025-09-11 21:08:29 | INFO | Sent message to topic 'smoker_csv': {'timestamp': '2025-09-12T02:08:29.429713', 'temperature': 88.4}
2025-09-11 21:08:34 | INFO | Sent message to topic 'smoker_csv': {'timestamp': '2025-09-12T02:08:34.434889', 'temperature': 88.8}
2025-09-11 21:08:39 | INFO | Sent message to topic 'smoker_csv': {'timestamp': '2025-09-12T02:08:39.439877', 'temperature': 89.2}
2025-09-11 21:08:44 | INFO | Sent message to topic 'smoker_csv': {'timestamp': '2025-09-12T02:08:44.445791', 'temperature': 89.6}
2025-09-11 21:08:49 | INFO | Sent message to topic 'smoker_csv': {'timestamp': '2025-09-12T02:08:49.450241', 'temperature': 90.0}
2025-09-11 21:08:54 | INFO | Sent message to topic 'smoker_csv': {'timestamp': '2025-09-12T02:08:54.455636', 'temperature': 90.4}
2025-09-11 21:08:59 | INFO | Sent message to topic 'smoker_csv': {'timestamp': '2025-09-12T02:08:59.461065', 'temperature': 90.8}
2025-09-11 21:09:04 | INFO | Sent message to topic 'smoker_csv': {'timestamp': '2025-09-12T02:09:04.466392', 'temperature': 91.2}
2025-09-11 21:09:09 | INFO | Sent message to topic 'smoker_csv': {'timestamp': '2025-09-12T02:09:09.468877', 'temperature': 91.6}
2025-09-11 21:09:14 | INFO | Sent message to topic 'smoker_csv': {'timestamp': '2025-09-12T02:09:14.474703', 'temperature': 92.0}
2025-09-11 21:09:19 | INFO | Sent message to topic 'smoker_csv': {'timestamp': '2025-09-12T02:09:19.476847', 'temperature': 92.4}
2025-09-11 21:09:24 | INFO | Sent message to topic 'smoker_csv': {'timestamp': '2025-09-12T02:09:24.478473', 'temperature': 92.8}
2025-09-11 21:09:29 | INFO | Sent message to topic 'smoker_csv': {'timestamp': '2025-09-12T02:09:29.483459', 'temperature': 93.2}
2025-09-11 21:09:34 | INFO | Sent message to topic 'smoker_csv': {'timestamp': '2025-09-12T02:09:34.488818', 'temperature': 93.6}
2025-09-11 21:09:39 | INFO | Sent message to topic 'smoker_csv': {'timestamp': '2025-09-12T02:09:39.492124', 'temperature': 94.0}
2025-09-11 21:09:44 | INFO | Sent message to topic 'smoker_csv': {'timestamp': '2025-09-12T02:09:44.500389', 'temperature': 94.4}
2025-09-11 21:09:49 | INFO | Sent message to topic 'smoker_csv': {'timestamp': '2025-09-12T02:09:49.506597', 'temperature': 94.8}
2025-09-11 21:09:54 | INFO | Sent message to topic 'smoker_csv': {'timestamp': '2025-09-12T02:09:54.510175', 'temperature': 95.2}
2025-09-11 21:09:59 | INFO | Sent message to topic 'smoker_csv': {'timestamp': '2025-09-12T02:09:59.517355', 'temperature': 95.6}
2025-09-11 21:10:04 | INFO | Sent message to topic 'smoker_csv': {'timestamp': '2025-09-12T02:10:04.523654', 'temperature': 96.0}
2025-09-11 21:10:09 | INFO | Sent message to topic 'smoker_csv': {'timestamp': '2025-09-12T02:10:09.525125', 'temperature': 96.4}
2025-09-11 21:10:14 | INFO | Sent message to topic 'smoker_csv': {'timestamp': '2025-09-12T02:10:14.527171', 'temperature': 96.8}
2025-09-11 21:10:19 | INFO | Sent message to topic 'smoker_csv': {'timestamp': '2025-09-12T02:10:19.532588', 'temperature': 97.2}
2025-09-11 21:10:24 | INFO | Sent message to topic 'smoker_csv': {'timestamp': '2025-09-12T02:10:24.539607', 'temperature': 97.6}
2025-09-11 21:10:29 | INFO | Sent message to topic 'smoker_csv': {'timestamp': '2025-09-12T02:10:29.543974', 'temperature': 98.0}
2025-09-11 21:10:34 | INFO | Sent message to topic 'smoker_csv': {'timestamp': '2025-09-12T02:10:34.549832', 'temperature': 98.4}
2025-09-11 21:10:39 | INFO | Sent message to topic 'smoker_csv': {'timestamp': '2025-09-12T02:10:39.556366', 'temperature': 98.8}
2025-09-11 21:10:44 | INFO | Sent message to topic 'smoker_csv': {'timestamp': '2025-09-12T02:10:44.559697', 'temperature': 99.2}
2025-09-11 21:10:49 | INFO | Sent message to topic 'smoker_csv': {'timestamp': '2025-09-12T02:10:49.563436', 'temperature': 99.6}
2025-09-11 21:10:54 | INFO | Sent message to topic 'smoker_csv': {'timestamp': '2025-09-12T02:10:54.567477', 'temperature': 100.0}
2025-09-11 21:10:59 | INFO | Sent message to topic 'smoker_csv': {'timestamp': '2025-09-12T02:10:59.571832', 'temperature': 100.4}
2025-09-11 21:11:04 | INFO | Sent message to topic 'smoker_csv': {'timestamp': '2025-09-12T02:11:04.575223', 'temperature': 100.8}
2025-09-11 21:11:09 | INFO | Sent message to topic 'smoker_csv': {'timestamp': '2025-09-12T02:11:09.582041', 'temperature': 101.2}
2025-09-11 21:11:14 | INFO | Sent message to topic 'smoker_csv': {'timestamp': '2025-09-12T02:11:14.587946', 'temperature': 101.6}
2025-09-11 21:11:19 | INFO | Sent message to topic 'smoker_csv': {'timestamp': '2025-09-12T02:11:19.599068', 'temperature': 102.0}
2025-09-11 21:11:24 | INFO | Sent message to topic 'smoker_csv': {'timestamp': '2025-09-12T02:11:24.604701', 'temperature': 102.4}
2025-09-11 21:11:29 | INFO | Sent message to topic 'smoker_csv': {'timestamp': '2025-09-12T02:11:29.614471', 'temperature': 102.8}
2025-09-11 21:11:34 | INFO | Sent message to topic 'smoker_csv': {'timestamp': '2025-09-12T02:11:34.620117', 'temperature': 103.2}
2025-09-11 21:11:39 | INFO | Sent message to topic 'smoker_csv': {'timestamp': '2025-09-12T02:11:39.627566', 'temperature': 103.6}
2025-09-11 21:11:44 | INFO | Sent message to topic 'smoker_csv': {'timestamp': '2025-09-12T02:11:44.629234', 'temperature': 104.0}
2025-09-11 21:11:49 | INFO | Sent message to topic 'smoker_csv': {'timestamp': '2025-09-12T02:11:49.638391', 'temperature': 104.4}
2025-09-11 21:11:54 | INFO | Sent message to topic 'smoker_csv': {'timestamp': '2025-09-12T02:11:54.643963', 'temperature': 104.8}
2025-09-11 21:11:59 | INFO | Sent message to topic 'smoker_csv': {'timestamp': '2025-09-12T02:11:59.649523', 'temperature': 105.2}
2025-09-11 21:11:59 | INFO | Logging to file: logs/project_log.log
2025-09-11 21:11:59 | INFO | Log sanitization enabled, personal info removed
2025-09-11 21:11:59 | INFO | START consumer.
2025-09-11 21:11:59 | INFO | Kafka topic: smoker_csv
2025-09-11 21:11:59 | INFO | Kafka consumer group id: smoker_group
2025-09-11 21:11:59 | INFO | Rolling window size: 10
2025-09-11 21:11:59 | INFO | Consumer: Topic 'smoker_csv' and group 'smoker_group'...
2025-09-11 21:11:59 | INFO | Rolling window size: 10
2025-09-11 21:11:59 | INFO | Kafka broker address: localhost:9092
2025-09-11 21:11:59 | INFO | Creating Kafka consumer. Topic='smoker_csv' and group ID='smoker_group'.
2025-09-11 21:12:00 | INFO | Kafka consumer created successfully.
2025-09-11 21:12:00 | INFO | Polling messages from topic 'smoker_csv'...
2025-09-11 21:12:03 | INFO | Processed JSON message: {'timestamp': '2025-09-12T02:04:44.191931', 'temperature': 70.4}
2025-09-11 21:12:03 | INFO | Rolling window size: 10
2025-09-11 21:12:03 | INFO | Processed JSON message: {'timestamp': '2025-09-12T02:04:49.195954', 'temperature': 70.8}
2025-09-11 21:12:03 | INFO | Rolling window size: 10
2025-09-11 21:12:03 | INFO | Processed JSON message: {'timestamp': '2025-09-12T02:04:54.199607', 'temperature': 71.2}
2025-09-11 21:12:03 | INFO | Rolling window size: 10
2025-09-11 21:12:03 | INFO | Processed JSON message: {'timestamp': '2025-09-12T02:04:59.204340', 'temperature': 71.6}
2025-09-11 21:12:03 | INFO | Rolling window size: 10
2025-09-11 21:12:03 | INFO | Processed JSON message: {'timestamp': '2025-09-12T02:05:04.207971', 'temperature': 72.0}
2025-09-11 21:12:03 | INFO | Rolling window size: 10
2025-09-11 21:12:03 | INFO | Processed JSON message: {'timestamp': '2025-09-12T02:05:09.210912', 'temperature': 72.4}
2025-09-11 21:12:03 | INFO | Rolling window size: 10
2025-09-11 21:12:03 | INFO | Processed JSON message: {'timestamp': '2025-09-12T02:05:14.215940', 'temperature': 72.8}
2025-09-11 21:12:03 | INFO | Rolling window size: 10
2025-09-11 21:12:03 | INFO | Processed JSON message: {'timestamp': '2025-09-12T02:05:19.222743', 'temperature': 73.2}
2025-09-11 21:12:03 | INFO | Rolling window size: 10
2025-09-11 21:12:03 | INFO | Processed JSON message: {'timestamp': '2025-09-12T02:05:24.232574', 'temperature': 73.6}
2025-09-11 21:12:03 | INFO | Rolling window size: 10
2025-09-11 21:12:03 | INFO | Processed JSON message: {'timestamp': '2025-09-12T02:05:29.238162', 'temperature': 74.0}
2025-09-11 21:12:03 | INFO | Rolling window size: 10
2025-09-11 21:12:03 | INFO | Max stall temperature range: 0.2 F
2025-09-11 21:12:03 | INFO | Processed JSON message: {'timestamp': '2025-09-12T02:05:34.241078', 'temperature': 74.4}
2025-09-11 21:12:03 | INFO | Rolling window size: 10
2025-09-11 21:12:03 | INFO | Max stall temperature range: 0.2 F
2025-09-11 21:12:03 | INFO | Processed JSON message: {'timestamp': '2025-09-12T02:05:39.244288', 'temperature': 74.8}
2025-09-11 21:12:03 | INFO | Rolling window size: 10
2025-09-11 21:12:03 | INFO | Max stall temperature range: 0.2 F
2025-09-11 21:12:03 | INFO | Processed JSON message: {'timestamp': '2025-09-12T02:05:44.248348', 'temperature': 75.2}
2025-09-11 21:12:03 | INFO | Rolling window size: 10
2025-09-11 21:12:03 | INFO | Max stall temperature range: 0.2 F
2025-09-11 21:12:03 | INFO | Processed JSON message: {'timestamp': '2025-09-12T02:05:49.250698', 'temperature': 75.6}
2025-09-11 21:12:03 | INFO | Rolling window size: 10
2025-09-11 21:12:03 | INFO | Max stall temperature range: 0.2 F
2025-09-11 21:12:03 | INFO | Processed JSON message: {'timestamp': '2025-09-12T02:05:54.256535', 'temperature': 76.0}
2025-09-11 21:12:03 | INFO | Rolling window size: 10
2025-09-11 21:12:03 | INFO | Max stall temperature range: 0.2 F
2025-09-11 21:12:03 | INFO | Processed JSON message: {'timestamp': '2025-09-12T02:05:59.262003', 'temperature': 76.4}
2025-09-11 21:12:03 | INFO | Rolling window size: 10
2025-09-11 21:12:03 | INFO | Max stall temperature range: 0.2 F
2025-09-11 21:12:03 | INFO | Processed JSON message: {'timestamp': '2025-09-12T02:06:04.266141', 'temperature': 76.8}
2025-09-11 21:12:03 | INFO | Rolling window size: 10
2025-09-11 21:12:03 | INFO | Max stall temperature range: 0.2 F
2025-09-11 21:12:03 | INFO | Processed JSON message: {'timestamp': '2025-09-12T02:06:09.272211', 'temperature': 77.2}
2025-09-11 21:12:03 | INFO | Rolling window size: 10
2025-09-11 21:12:03 | INFO | Max stall temperature range: 0.2 F
2025-09-11 21:12:03 | INFO | Processed JSON message: {'timestamp': '2025-09-12T02:06:14.278800', 'temperature': 77.6}
2025-09-11 21:12:03 | INFO | Rolling window size: 10
2025-09-11 21:12:03 | INFO | Max stall temperature range: 0.2 F
2025-09-11 21:12:03 | INFO | Processed JSON message: {'timestamp': '2025-09-12T02:06:19.285239', 'temperature': 78.0}
2025-09-11 21:12:03 | INFO | Rolling window size: 10
2025-09-11 21:12:03 | INFO | Max stall temperature range: 0.2 F
2025-09-11 21:12:03 | INFO | Processed JSON message: {'timestamp': '2025-09-12T02:06:24.289956', 'temperature': 78.4}
2025-09-11 21:12:03 | INFO | Rolling window size: 10
2025-09-11 21:12:03 | INFO | Max stall temperature range: 0.2 F
2025-09-11 21:12:03 | INFO | Processed JSON message: {'timestamp': '2025-09-12T02:06:29.296499', 'temperature': 78.8}
2025-09-11 21:12:03 | INFO | Rolling window size: 10
2025-09-11 21:12:03 | INFO | Max stall temperature range: 0.2 F
2025-09-11 21:12:03 | INFO | Processed JSON message: {'timestamp': '2025-09-12T02:06:34.301655', 'temperature': 79.2}
2025-09-11 21:12:03 | INFO | Rolling window size: 10
2025-09-11 21:12:03 | INFO | Max stall temperature range: 0.2 F
2025-09-11 21:12:03 | INFO | Processed JSON message: {'timestamp': '2025-09-12T02:06:39.306904', 'temperature': 79.6}
2025-09-11 21:12:03 | INFO | Rolling window size: 10
2025-09-11 21:12:03 | INFO | Max stall temperature range: 0.2 F
2025-09-11 21:12:03 | INFO | Processed JSON message: {'timestamp': '2025-09-12T02:06:44.311731', 'temperature': 80.0}
2025-09-11 21:12:03 | INFO | Rolling window size: 10
2025-09-11 21:12:03 | INFO | Max stall temperature range: 0.2 F
2025-09-11 21:12:03 | INFO | Processed JSON message: {'timestamp': '2025-09-12T02:06:49.319323', 'temperature': 80.4}
2025-09-11 21:12:03 | INFO | Rolling window size: 10
2025-09-11 21:12:03 | INFO | Max stall temperature range: 0.2 F
2025-09-11 21:12:03 | INFO | Processed JSON message: {'timestamp': '2025-09-12T02:06:54.323411', 'temperature': 80.8}
2025-09-11 21:12:03 | INFO | Rolling window size: 10
2025-09-11 21:12:03 | INFO | Max stall temperature range: 0.2 F
2025-09-11 21:12:03 | INFO | Processed JSON message: {'timestamp': '2025-09-12T02:06:59.326745', 'temperature': 81.2}
2025-09-11 21:12:03 | INFO | Rolling window size: 10
2025-09-11 21:12:03 | INFO | Max stall temperature range: 0.2 F
2025-09-11 21:12:03 | INFO | Processed JSON message: {'timestamp': '2025-09-12T02:07:04.333858', 'temperature': 81.6}
2025-09-11 21:12:03 | INFO | Rolling window size: 10
2025-09-11 21:12:03 | INFO | Max stall temperature range: 0.2 F
2025-09-11 21:12:03 | INFO | Processed JSON message: {'timestamp': '2025-09-12T02:07:09.342262', 'temperature': 82.0}
2025-09-11 21:12:03 | INFO | Rolling window size: 10
2025-09-11 21:12:03 | INFO | Max stall temperature range: 0.2 F
2025-09-11 21:12:03 | INFO | Processed JSON message: {'timestamp': '2025-09-12T02:07:14.346345', 'temperature': 82.4}
2025-09-11 21:12:03 | INFO | Rolling window size: 10
2025-09-11 21:12:03 | INFO | Max stall temperature range: 0.2 F
2025-09-11 21:12:03 | INFO | Processed JSON message: {'timestamp': '2025-09-12T02:07:19.354291', 'temperature': 82.8}
2025-09-11 21:12:03 | INFO | Rolling window size: 10
2025-09-11 21:12:03 | INFO | Max stall temperature range: 0.2 F
2025-09-11 21:12:03 | INFO | Processed JSON message: {'timestamp': '2025-09-12T02:07:24.359984', 'temperature': 83.2}
2025-09-11 21:12:03 | INFO | Rolling window size: 10
2025-09-11 21:12:03 | INFO | Max stall temperature range: 0.2 F
2025-09-11 21:12:03 | INFO | Processed JSON message: {'timestamp': '2025-09-12T02:07:29.362413', 'temperature': 83.6}
2025-09-11 21:12:03 | INFO | Rolling window size: 10
2025-09-11 21:12:03 | INFO | Max stall temperature range: 0.2 F
2025-09-11 21:12:03 | INFO | Processed JSON message: {'timestamp': '2025-09-12T02:07:34.367668', 'temperature': 84.0}
2025-09-11 21:12:03 | INFO | Rolling window size: 10
2025-09-11 21:12:03 | INFO | Max stall temperature range: 0.2 F
2025-09-11 21:12:03 | INFO | Processed JSON message: {'timestamp': '2025-09-12T02:07:39.373713', 'temperature': 84.4}
2025-09-11 21:12:03 | INFO | Rolling window size: 10
2025-09-11 21:12:03 | INFO | Max stall temperature range: 0.2 F
2025-09-11 21:12:03 | INFO | Processed JSON message: {'timestamp': '2025-09-12T02:07:44.378904', 'temperature': 84.8}
2025-09-11 21:12:03 | INFO | Rolling window size: 10
2025-09-11 21:12:03 | INFO | Max stall temperature range: 0.2 F
2025-09-11 21:12:03 | INFO | Processed JSON message: {'timestamp': '2025-09-12T02:07:49.386645', 'temperature': 85.2}
2025-09-11 21:12:03 | INFO | Rolling window size: 10
2025-09-11 21:12:03 | INFO | Max stall temperature range: 0.2 F
2025-09-11 21:12:03 | INFO | Processed JSON message: {'timestamp': '2025-09-12T02:07:54.393256', 'temperature': 85.6}
2025-09-11 21:12:03 | INFO | Rolling window size: 10
2025-09-11 21:12:03 | INFO | Max stall temperature range: 0.2 F
2025-09-11 21:12:03 | INFO | Processed JSON message: {'timestamp': '2025-09-12T02:07:59.399550', 'temperature': 86.0}
2025-09-11 21:12:03 | INFO | Rolling window size: 10
2025-09-11 21:12:03 | INFO | Max stall temperature range: 0.2 F
2025-09-11 21:12:03 | INFO | Processed JSON message: {'timestamp': '2025-09-12T02:08:04.406174', 'temperature': 86.4}
2025-09-11 21:12:03 | INFO | Rolling window size: 10
2025-09-11 21:12:03 | INFO | Max stall temperature range: 0.2 F
2025-09-11 21:12:03 | INFO | Processed JSON message: {'timestamp': '2025-09-12T02:08:09.409907', 'temperature': 86.8}
2025-09-11 21:12:03 | INFO | Rolling window size: 10
2025-09-11 21:12:03 | INFO | Max stall temperature range: 0.2 F
2025-09-11 21:12:03 | INFO | Processed JSON message: {'timestamp': '2025-09-12T02:08:14.415094', 'temperature': 87.2}
2025-09-11 21:12:03 | INFO | Rolling window size: 10
2025-09-11 21:12:03 | INFO | Max stall temperature range: 0.2 F
2025-09-11 21:12:03 | INFO | Processed JSON message: {'timestamp': '2025-09-12T02:08:19.417866', 'temperature': 87.6}
2025-09-11 21:12:03 | INFO | Rolling window size: 10
2025-09-11 21:12:03 | INFO | Max stall temperature range: 0.2 F
2025-09-11 21:12:03 | INFO | Processed JSON message: {'timestamp': '2025-09-12T02:08:24.426000', 'temperature': 88.0}
2025-09-11 21:12:03 | INFO | Rolling window size: 10
2025-09-11 21:12:03 | INFO | Max stall temperature range: 0.2 F
2025-09-11 21:12:03 | INFO | Processed JSON message: {'timestamp': '2025-09-12T02:08:29.429713', 'temperature': 88.4}
2025-09-11 21:12:03 | INFO | Rolling window size: 10
2025-09-11 21:12:03 | INFO | Max stall temperature range: 0.2 F
2025-09-11 21:12:03 | INFO | Processed JSON message: {'timestamp': '2025-09-12T02:08:34.434889', 'temperature': 88.8}
2025-09-11 21:12:03 | INFO | Rolling window size: 10
2025-09-11 21:12:03 | INFO | Max stall temperature range: 0.2 F
2025-09-11 21:12:03 | INFO | Processed JSON message: {'timestamp': '2025-09-12T02:08:39.439877', 'temperature': 89.2}
2025-09-11 21:12:03 | INFO | Rolling window size: 10
2025-09-11 21:12:03 | INFO | Max stall temperature range: 0.2 F
2025-09-11 21:12:03 | INFO | Processed JSON message: {'timestamp': '2025-09-12T02:08:44.445791', 'temperature': 89.6}
2025-09-11 21:12:03 | INFO | Rolling window size: 10
2025-09-11 21:12:03 | INFO | Max stall temperature range: 0.2 F
2025-09-11 21:12:03 | INFO | Processed JSON message: {'timestamp': '2025-09-12T02:08:49.450241', 'temperature': 90.0}
2025-09-11 21:12:03 | INFO | Rolling window size: 10
2025-09-11 21:12:03 | INFO | Max stall temperature range: 0.2 F
2025-09-11 21:12:03 | INFO | Processed JSON message: {'timestamp': '2025-09-12T02:08:54.455636', 'temperature': 90.4}
2025-09-11 21:12:03 | INFO | Rolling window size: 10
2025-09-11 21:12:03 | INFO | Max stall temperature range: 0.2 F
2025-09-11 21:12:03 | INFO | Processed JSON message: {'timestamp': '2025-09-12T02:08:59.461065', 'temperature': 90.8}
2025-09-11 21:12:03 | INFO | Rolling window size: 10
2025-09-11 21:12:03 | INFO | Max stall temperature range: 0.2 F
2025-09-11 21:12:03 | INFO | Processed JSON message: {'timestamp': '2025-09-12T02:09:04.466392', 'temperature': 91.2}
2025-09-11 21:12:03 | INFO | Rolling window size: 10
2025-09-11 21:12:03 | INFO | Max stall temperature range: 0.2 F
2025-09-11 21:12:03 | INFO | Processed JSON message: {'timestamp': '2025-09-12T02:09:09.468877', 'temperature': 91.6}
2025-09-11 21:12:03 | INFO | Rolling window size: 10
2025-09-11 21:12:03 | INFO | Max stall temperature range: 0.2 F
2025-09-11 21:12:03 | INFO | Processed JSON message: {'timestamp': '2025-09-12T02:09:14.474703', 'temperature': 92.0}
2025-09-11 21:12:03 | INFO | Rolling window size: 10
2025-09-11 21:12:03 | INFO | Max stall temperature range: 0.2 F
2025-09-11 21:12:03 | INFO | Processed JSON message: {'timestamp': '2025-09-12T02:09:19.476847', 'temperature': 92.4}
2025-09-11 21:12:03 | INFO | Rolling window size: 10
2025-09-11 21:12:03 | INFO | Max stall temperature range: 0.2 F
2025-09-11 21:12:03 | INFO | Processed JSON message: {'timestamp': '2025-09-12T02:09:24.478473', 'temperature': 92.8}
2025-09-11 21:12:03 | INFO | Rolling window size: 10
2025-09-11 21:12:03 | INFO | Max stall temperature range: 0.2 F
2025-09-11 21:12:03 | INFO | Processed JSON message: {'timestamp': '2025-09-12T02:09:29.483459', 'temperature': 93.2}
2025-09-11 21:12:03 | INFO | Rolling window size: 10
2025-09-11 21:12:03 | INFO | Max stall temperature range: 0.2 F
2025-09-11 21:12:03 | INFO | Processed JSON message: {'timestamp': '2025-09-12T02:09:34.488818', 'temperature': 93.6}
2025-09-11 21:12:03 | INFO | Rolling window size: 10
2025-09-11 21:12:03 | INFO | Max stall temperature range: 0.2 F
2025-09-11 21:12:03 | INFO | Processed JSON message: {'timestamp': '2025-09-12T02:09:39.492124', 'temperature': 94.0}
2025-09-11 21:12:03 | INFO | Rolling window size: 10
2025-09-11 21:12:03 | INFO | Max stall temperature range: 0.2 F
2025-09-11 21:12:03 | INFO | Processed JSON message: {'timestamp': '2025-09-12T02:09:44.500389', 'temperature': 94.4}
2025-09-11 21:12:03 | INFO | Rolling window size: 10
2025-09-11 21:12:03 | INFO | Max stall temperature range: 0.2 F
2025-09-11 21:12:03 | INFO | Processed JSON message: {'timestamp': '2025-09-12T02:09:49.506597', 'temperature': 94.8}
2025-09-11 21:12:03 | INFO | Rolling window size: 10
2025-09-11 21:12:03 | INFO | Max stall temperature range: 0.2 F
2025-09-11 21:12:03 | INFO | Processed JSON message: {'timestamp': '2025-09-12T02:09:54.510175', 'temperature': 95.2}
2025-09-11 21:12:03 | INFO | Rolling window size: 10
2025-09-11 21:12:03 | INFO | Max stall temperature range: 0.2 F
2025-09-11 21:12:03 | INFO | Processed JSON message: {'timestamp': '2025-09-12T02:09:59.517355', 'temperature': 95.6}
2025-09-11 21:12:03 | INFO | Rolling window size: 10
2025-09-11 21:12:03 | INFO | Max stall temperature range: 0.2 F
2025-09-11 21:12:03 | INFO | Processed JSON message: {'timestamp': '2025-09-12T02:10:04.523654', 'temperature': 96.0}
2025-09-11 21:12:03 | INFO | Rolling window size: 10
2025-09-11 21:12:03 | INFO | Max stall temperature range: 0.2 F
2025-09-11 21:12:03 | INFO | Processed JSON message: {'timestamp': '2025-09-12T02:10:09.525125', 'temperature': 96.4}
2025-09-11 21:12:03 | INFO | Rolling window size: 10
2025-09-11 21:12:03 | INFO | Max stall temperature range: 0.2 F
2025-09-11 21:12:03 | INFO | Processed JSON message: {'timestamp': '2025-09-12T02:10:14.527171', 'temperature': 96.8}
2025-09-11 21:12:03 | INFO | Rolling window size: 10
2025-09-11 21:12:03 | INFO | Max stall temperature range: 0.2 F
2025-09-11 21:12:03 | INFO | Processed JSON message: {'timestamp': '2025-09-12T02:10:19.532588', 'temperature': 97.2}
2025-09-11 21:12:03 | INFO | Rolling window size: 10
2025-09-11 21:12:03 | INFO | Max stall temperature range: 0.2 F
2025-09-11 21:12:03 | INFO | Processed JSON message: {'timestamp': '2025-09-12T02:10:24.539607', 'temperature': 97.6}
2025-09-11 21:12:03 | INFO | Rolling window size: 10
2025-09-11 21:12:03 | INFO | Max stall temperature range: 0.2 F
2025-09-11 21:12:03 | INFO | Processed JSON message: {'timestamp': '2025-09-12T02:10:29.543974', 'temperature': 98.0}
2025-09-11 21:12:03 | INFO | Rolling window size: 10
2025-09-11 21:12:03 | INFO | Max stall temperature range: 0.2 F
2025-09-11 21:12:03 | INFO | Processed JSON message: {'timestamp': '2025-09-12T02:10:34.549832', 'temperature': 98.4}
2025-09-11 21:12:03 | INFO | Rolling window size: 10
2025-09-11 21:12:03 | INFO | Max stall temperature range: 0.2 F
2025-09-11 21:12:03 | INFO | Rolling window size: 10
