2025-09-12 18:17:30 | INFO | Sent message to topic 'buzzline_json': {'message': 'This is a buzz message.', 'author': 'Eve'}
2025-09-12 18:17:30 | INFO | Processed JSON message: {'message': 'This is a buzz message.', 'author': 'Eve'}
2025-09-12 18:17:30 | INFO | Message received from author: Eve
2025-09-12 18:17:30 | WARNING | ALERT author watch -> Eve
2025-09-12 18:17:31 | WARNING | Special author detected: {'message': 'This is a buzz message.', 'author': 'Alice'}
2025-09-12 18:17:31 | INFO | Sent message to topic 'buzzline_json': {'message': 'This is a buzz message.', 'author': 'Alice'}
2025-09-12 18:17:31 | INFO | Processed JSON message: {'message': 'This is a buzz message.', 'author': 'Alice'}
2025-09-12 18:17:31 | INFO | Message received from author: Alice
2025-09-12 18:17:31 | WARNING | ALERT author watch -> Alice
2025-09-12 18:17:32 | INFO | Sent message to topic 'buzzline_json': {'message': 'Distributed systems are fascinating.', 'author': 'Diana'}
2025-09-12 18:17:32 | INFO | Processed JSON message: {'message': 'Distributed systems are fascinating.', 'author': 'Diana'}
2025-09-12 18:17:32 | INFO | Message received from author: Diana
2025-09-12 18:17:32 | WARNING | ALERT keyword(s) ['distributed'] in message: Distributed systems are fascinating.
2025-09-12 18:17:33 | INFO | Sent message to topic 'buzzline_json': {'message': 'Streaming data is fun.', 'author': 'Eve'}
2025-09-12 18:17:33 | INFO | Processed JSON message: {'message': 'Streaming data is fun.', 'author': 'Eve'}
2025-09-12 18:17:33 | INFO | Message received from author: Eve
2025-09-12 18:17:33 | WARNING | ALERT author watch -> Eve
2025-09-12 18:17:33 | WARNING | ALERT keyword(s) ['stream'] in message: Streaming data is fun.
2025-09-12 18:17:34 | INFO | Sent message to topic 'buzzline_json': {'message': 'Have a great day!', 'author': 'Charlie'}
2025-09-12 18:17:34 | INFO | Processed JSON message: {'message': 'Have a great day!', 'author': 'Charlie'}
2025-09-12 18:17:34 | INFO | Message received from author: Charlie
2025-09-12 18:17:35 | INFO | Sent message to topic 'buzzline_json': {'message': 'JSON makes life easier.', 'author': 'Eve'}
2025-09-12 18:17:35 | INFO | Processed JSON message: {'message': 'JSON makes life easier.', 'author': 'Eve'}
2025-09-12 18:17:35 | INFO | Message received from author: Eve
2025-09-12 18:17:35 | WARNING | ALERT author watch -> Eve
2025-09-12 18:17:36 | INFO | Sent message to topic 'buzzline_json': {'message': 'Buzz messages for everyone.', 'author': 'Diana'}
2025-09-12 18:17:36 | INFO | Processed JSON message: {'message': 'Buzz messages for everyone.', 'author': 'Diana'}
2025-09-12 18:17:36 | INFO | Message received from author: Diana
2025-09-12 18:17:37 | INFO | Sent message to topic 'buzzline_json': {'message': 'This is a buzz message.', 'author': 'Charlie'}
2025-09-12 18:17:37 | INFO | Processed JSON message: {'message': 'This is a buzz message.', 'author': 'Charlie'}
2025-09-12 18:17:37 | INFO | Message received from author: Charlie
2025-09-12 18:17:38 | INFO | Sent message to topic 'buzzline_json': {'message': 'Distributed systems are fascinating.', 'author': 'Charlie'}
2025-09-12 18:17:38 | INFO | Processed JSON message: {'message': 'Distributed systems are fascinating.', 'author': 'Charlie'}
2025-09-12 18:17:38 | INFO | Message received from author: Charlie
2025-09-12 18:17:38 | WARNING | ALERT keyword(s) ['distributed'] in message: Distributed systems are fascinating.
2025-09-12 18:17:39 | INFO | Sent message to topic 'buzzline_json': {'message': 'Buzz messages for everyone.', 'author': 'Bob'}
2025-09-12 18:17:39 | INFO | Processed JSON message: {'message': 'Buzz messages for everyone.', 'author': 'Bob'}
2025-09-12 18:17:39 | INFO | Message received from author: Bob
2025-09-12 18:17:40 | INFO | Sent message to topic 'buzzline_json': {'message': 'This is a buzz message.', 'author': 'Eve'}
2025-09-12 18:17:40 | INFO | Processed JSON message: {'message': 'This is a buzz message.', 'author': 'Eve'}
2025-09-12 18:17:40 | INFO | Message received from author: Eve
2025-09-12 18:17:40 | WARNING | ALERT author watch -> Eve
2025-09-12 18:17:41 | INFO | Sent message to topic 'buzzline_json': {'message': 'Data engineering is my passion.', 'author': 'Diana'}
2025-09-12 18:17:41 | INFO | Processed JSON message: {'message': 'Data engineering is my passion.', 'author': 'Diana'}
2025-09-12 18:17:41 | INFO | Message received from author: Diana
2025-09-12 18:17:42 | WARNING | Special author detected: {'message': 'Data engineering is my passion.', 'author': 'Alice'}
2025-09-12 18:17:42 | INFO | Sent message to topic 'buzzline_json': {'message': 'Data engineering is my passion.', 'author': 'Alice'}
2025-09-12 18:17:42 | INFO | Processed JSON message: {'message': 'Data engineering is my passion.', 'author': 'Alice'}
2025-09-12 18:17:42 | INFO | Message received from author: Alice
2025-09-12 18:17:42 | WARNING | ALERT author watch -> Alice
2025-09-12 18:17:43 | INFO | Sent message to topic 'buzzline_json': {'message': 'Buzz messages for everyone.', 'author': 'Diana'}
2025-09-12 18:17:43 | INFO | Processed JSON message: {'message': 'Buzz messages for everyone.', 'author': 'Diana'}
2025-09-12 18:17:43 | INFO | Message received from author: Diana
2025-09-12 18:17:44 | WARNING | Special author detected: {'message': 'JSON makes life easier.', 'author': 'Alice'}
2025-09-12 18:17:44 | INFO | Sent message to topic 'buzzline_json': {'message': 'JSON makes life easier.', 'author': 'Alice'}
2025-09-12 18:17:44 | INFO | Processed JSON message: {'message': 'JSON makes life easier.', 'author': 'Alice'}
2025-09-12 18:17:44 | INFO | Message received from author: Alice
2025-09-12 18:17:44 | WARNING | ALERT author watch -> Alice
2025-09-12 18:17:44 | INFO | [SUMMARY] messages=700 top_authors=[('Diana', 189), ('Alice', 168), ('Eve', 119)]
2025-09-12 18:17:45 | INFO | Opening data file in read mode: PROJECT_ROOT/data/buzz.json
2025-09-12 18:17:45 | INFO | Reading data from file: PROJECT_ROOT/data/buzz.json
2025-09-12 18:17:45 | INFO | Sent message to topic 'buzzline_json': {'message': 'Data engineering is my passion.', 'author': 'Eve'}
2025-09-12 18:17:45 | INFO | Processed JSON message: {'message': 'Data engineering is my passion.', 'author': 'Eve'}
2025-09-12 18:17:45 | INFO | Message received from author: Eve
2025-09-12 18:17:45 | WARNING | ALERT author watch -> Eve
2025-09-12 18:17:46 | WARNING | Special author detected: {'message': 'Distributed systems are fascinating.', 'author': 'Alice'}
2025-09-12 18:17:46 | INFO | Sent message to topic 'buzzline_json': {'message': 'Distributed systems are fascinating.', 'author': 'Alice'}
2025-09-12 18:17:46 | INFO | Processed JSON message: {'message': 'Distributed systems are fascinating.', 'author': 'Alice'}
2025-09-12 18:17:46 | INFO | Message received from author: Alice
2025-09-12 18:17:46 | WARNING | ALERT author watch -> Alice
2025-09-12 18:17:46 | WARNING | ALERT keyword(s) ['distributed'] in message: Distributed systems are fascinating.
2025-09-12 18:17:47 | INFO | Sent message to topic 'buzzline_json': {'message': 'Have a great day!', 'author': 'Charlie'}
2025-09-12 18:17:47 | INFO | Processed JSON message: {'message': 'Have a great day!', 'author': 'Charlie'}
2025-09-12 18:17:47 | INFO | Message received from author: Charlie
2025-09-12 18:17:48 | WARNING | Special author detected: {'message': 'Data engineering is my passion.', 'author': 'Alice'}
2025-09-12 18:17:48 | INFO | Sent message to topic 'buzzline_json': {'message': 'Data engineering is my passion.', 'author': 'Alice'}
2025-09-12 18:17:48 | INFO | Processed JSON message: {'message': 'Data engineering is my passion.', 'author': 'Alice'}
2025-09-12 18:17:48 | INFO | Message received from author: Alice
2025-09-12 18:17:48 | WARNING | ALERT author watch -> Alice
2025-09-12 18:17:49 | INFO | Sent message to topic 'buzzline_json': {'message': 'Distributed systems are fascinating.', 'author': 'Diana'}
2025-09-12 18:17:49 | INFO | Processed JSON message: {'message': 'Distributed systems are fascinating.', 'author': 'Diana'}
2025-09-12 18:17:49 | INFO | Message received from author: Diana
2025-09-12 18:17:49 | WARNING | ALERT keyword(s) ['distributed'] in message: Distributed systems are fascinating.
2025-09-12 18:17:50 | WARNING | Special author detected: {'message': 'Buzz messages for everyone.', 'author': 'Alice'}
2025-09-12 18:17:50 | INFO | Sent message to topic 'buzzline_json': {'message': 'Buzz messages for everyone.', 'author': 'Alice'}
2025-09-12 18:17:50 | INFO | Processed JSON message: {'message': 'Buzz messages for everyone.', 'author': 'Alice'}
2025-09-12 18:17:50 | INFO | Message received from author: Alice
2025-09-12 18:17:50 | WARNING | ALERT author watch -> Alice
2025-09-12 18:17:51 | INFO | Sent message to topic 'buzzline_json': {'message': 'Hello, Kafka world!', 'author': 'Diana'}
2025-09-12 18:17:51 | INFO | Processed JSON message: {'message': 'Hello, Kafka world!', 'author': 'Diana'}
2025-09-12 18:17:51 | INFO | Message received from author: Diana
2025-09-12 18:17:52 | INFO | Sent message to topic 'buzzline_json': {'message': 'This is a buzz message.', 'author': 'Eve'}
2025-09-12 18:17:52 | INFO | Processed JSON message: {'message': 'This is a buzz message.', 'author': 'Eve'}
2025-09-12 18:17:52 | INFO | Message received from author: Eve
2025-09-12 18:17:52 | WARNING | ALERT author watch -> Eve
2025-09-12 18:17:53 | INFO | Sent message to topic 'buzzline_json': {'message': 'JSON makes life easier.', 'author': 'Eve'}
2025-09-12 18:17:53 | INFO | Processed JSON message: {'message': 'JSON makes life easier.', 'author': 'Eve'}
2025-09-12 18:17:53 | INFO | Message received from author: Eve
2025-09-12 18:17:53 | WARNING | ALERT author watch -> Eve
2025-09-12 18:17:54 | WARNING | Special author detected: {'message': 'JSON makes life easier.', 'author': 'Alice'}
2025-09-12 18:17:54 | INFO | Sent message to topic 'buzzline_json': {'message': 'JSON makes life easier.', 'author': 'Alice'}
2025-09-12 18:17:54 | INFO | Processed JSON message: {'message': 'JSON makes life easier.', 'author': 'Alice'}
2025-09-12 18:17:54 | INFO | Message received from author: Alice
2025-09-12 18:17:54 | WARNING | ALERT author watch -> Alice
2025-09-12 18:17:55 | INFO | Sent message to topic 'buzzline_json': {'message': 'Data engineering is my passion.', 'author': 'Diana'}
2025-09-12 18:17:55 | INFO | Processed JSON message: {'message': 'Data engineering is my passion.', 'author': 'Diana'}
2025-09-12 18:17:55 | INFO | Message received from author: Diana
2025-09-12 18:17:56 | INFO | Sent message to topic 'buzzline_json': {'message': 'JSON makes life easier.', 'author': 'Diana'}
2025-09-12 18:17:56 | INFO | Processed JSON message: {'message': 'JSON makes life easier.', 'author': 'Diana'}
2025-09-12 18:17:56 | INFO | Message received from author: Diana
2025-09-12 18:17:57 | INFO | Sent message to topic 'buzzline_json': {'message': 'Kafka is awesome.', 'author': 'Charlie'}
2025-09-12 18:17:57 | INFO | Processed JSON message: {'message': 'Kafka is awesome.', 'author': 'Charlie'}
2025-09-12 18:17:57 | INFO | Message received from author: Charlie
2025-09-12 18:17:58 | INFO | Sent message to topic 'buzzline_json': {'message': 'JSON makes life easier.', 'author': 'Bob'}
2025-09-12 18:17:58 | INFO | Processed JSON message: {'message': 'JSON makes life easier.', 'author': 'Bob'}
2025-09-12 18:17:58 | INFO | Message received from author: Bob
2025-09-12 18:17:59 | WARNING | ALERT keyword 'python' in message: I love Python!
2025-09-12 18:17:59 | INFO | Sent message to topic 'buzzline_json': {'message': 'I love Python!', 'author': 'Bob'}
2025-09-12 18:17:59 | INFO | Processed JSON message: {'message': 'I love Python!', 'author': 'Bob'}
2025-09-12 18:17:59 | INFO | Message received from author: Bob
2025-09-12 18:17:59 | WARNING | ALERT keyword(s) ['python'] in message: I love Python!
2025-09-12 18:18:00 | INFO | Sent message to topic 'buzzline_json': {'message': 'This is a buzz message.', 'author': 'Eve'}
2025-09-12 18:18:00 | INFO | Processed JSON message: {'message': 'This is a buzz message.', 'author': 'Eve'}
2025-09-12 18:18:00 | INFO | Message received from author: Eve
2025-09-12 18:18:00 | WARNING | ALERT author watch -> Eve
2025-09-12 18:18:01 | WARNING | ALERT keyword 'python' in message: I love Python!
2025-09-12 18:18:01 | INFO | Sent message to topic 'buzzline_json': {'message': 'I love Python!', 'author': 'Eve'}
2025-09-12 18:18:01 | INFO | Processed JSON message: {'message': 'I love Python!', 'author': 'Eve'}
2025-09-12 18:18:01 | INFO | Message received from author: Eve
2025-09-12 18:18:01 | WARNING | ALERT author watch -> Eve
2025-09-12 18:18:01 | WARNING | ALERT keyword(s) ['python'] in message: I love Python!
2025-09-12 18:18:02 | WARNING | Special author detected: {'message': 'Buzz messages for everyone.', 'author': 'Alice'}
2025-09-12 18:18:02 | INFO | Sent message to topic 'buzzline_json': {'message': 'Buzz messages for everyone.', 'author': 'Alice'}
2025-09-12 18:18:02 | INFO | Processed JSON message: {'message': 'Buzz messages for everyone.', 'author': 'Alice'}
2025-09-12 18:18:02 | INFO | Message received from author: Alice
2025-09-12 18:18:02 | WARNING | ALERT author watch -> Alice
2025-09-12 18:18:03 | WARNING | Special author detected: {'message': 'This is a buzz message.', 'author': 'Alice'}
2025-09-12 18:18:03 | INFO | Sent message to topic 'buzzline_json': {'message': 'This is a buzz message.', 'author': 'Alice'}
2025-09-12 18:18:03 | INFO | Processed JSON message: {'message': 'This is a buzz message.', 'author': 'Alice'}
2025-09-12 18:18:03 | INFO | Message received from author: Alice
2025-09-12 18:18:03 | WARNING | ALERT author watch -> Alice
2025-09-12 18:18:04 | INFO | Sent message to topic 'buzzline_json': {'message': 'Data engineering is my passion.', 'author': 'Diana'}
2025-09-12 18:18:04 | INFO | Processed JSON message: {'message': 'Data engineering is my passion.', 'author': 'Diana'}
2025-09-12 18:18:04 | INFO | Message received from author: Diana
2025-09-12 18:18:04 | INFO | [SUMMARY] messages=720 top_authors=[('Diana', 194), ('Alice', 174), ('Eve', 124)]
2025-09-12 18:18:05 | WARNING | ALERT keyword 'python' in message: I love Python!
2025-09-12 18:18:05 | INFO | Sent message to topic 'buzzline_json': {'message': 'I love Python!', 'author': 'Eve'}
2025-09-12 18:18:06 | INFO | Processed JSON message: {'message': 'I love Python!', 'author': 'Eve'}
2025-09-12 18:18:06 | INFO | Message received from author: Eve
2025-09-12 18:18:06 | WARNING | ALERT author watch -> Eve
2025-09-12 18:18:06 | WARNING | ALERT keyword(s) ['python'] in message: I love Python!
2025-09-12 18:18:06 | INFO | Sent message to topic 'buzzline_json': {'message': 'JSON makes life easier.', 'author': 'Charlie'}
2025-09-12 18:18:06 | INFO | Processed JSON message: {'message': 'JSON makes life easier.', 'author': 'Charlie'}
2025-09-12 18:18:06 | INFO | Message received from author: Charlie
2025-09-12 18:18:07 | INFO | Sent message to topic 'buzzline_json': {'message': 'Have a great day!', 'author': 'Bob'}
2025-09-12 18:18:07 | INFO | Processed JSON message: {'message': 'Have a great day!', 'author': 'Bob'}
2025-09-12 18:18:07 | INFO | Message received from author: Bob
2025-09-12 18:18:08 | WARNING | Special author detected: {'message': 'Data engineering is my passion.', 'author': 'Alice'}
2025-09-12 18:18:08 | INFO | Sent message to topic 'buzzline_json': {'message': 'Data engineering is my passion.', 'author': 'Alice'}
2025-09-12 18:18:08 | INFO | Processed JSON message: {'message': 'Data engineering is my passion.', 'author': 'Alice'}
2025-09-12 18:18:08 | INFO | Message received from author: Alice
2025-09-12 18:18:08 | WARNING | ALERT author watch -> Alice
2025-09-12 18:18:09 | INFO | Sent message to topic 'buzzline_json': {'message': 'Kafka is awesome.', 'author': 'Diana'}
2025-09-12 18:18:09 | INFO | Processed JSON message: {'message': 'Kafka is awesome.', 'author': 'Diana'}
2025-09-12 18:18:09 | INFO | Message received from author: Diana
2025-09-12 18:18:10 | INFO | Sent message to topic 'buzzline_json': {'message': 'Kafka is awesome.', 'author': 'Diana'}
2025-09-12 18:18:10 | INFO | Processed JSON message: {'message': 'Kafka is awesome.', 'author': 'Diana'}
2025-09-12 18:18:10 | INFO | Message received from author: Diana
2025-09-12 18:18:11 | INFO | Sent message to topic 'buzzline_json': {'message': 'Hello, Kafka world!', 'author': 'Bob'}
2025-09-12 18:18:11 | INFO | Processed JSON message: {'message': 'Hello, Kafka world!', 'author': 'Bob'}
2025-09-12 18:18:11 | INFO | Message received from author: Bob
2025-09-12 18:18:12 | INFO | Sent message to topic 'buzzline_json': {'message': 'Distributed systems are fascinating.', 'author': 'Diana'}
2025-09-12 18:18:12 | INFO | Processed JSON message: {'message': 'Distributed systems are fascinating.', 'author': 'Diana'}
2025-09-12 18:18:12 | INFO | Message received from author: Diana
2025-09-12 18:18:12 | WARNING | ALERT keyword(s) ['distributed'] in message: Distributed systems are fascinating.
2025-09-12 18:18:13 | WARNING | ALERT keyword 'python' in message: I love Python!
2025-09-12 18:18:13 | INFO | Sent message to topic 'buzzline_json': {'message': 'I love Python!', 'author': 'Diana'}
2025-09-12 18:18:13 | INFO | Processed JSON message: {'message': 'I love Python!', 'author': 'Diana'}
2025-09-12 18:18:13 | INFO | Message received from author: Diana
2025-09-12 18:18:13 | WARNING | ALERT keyword(s) ['python'] in message: I love Python!
2025-09-12 18:18:14 | WARNING | Special author detected: {'message': 'Have a great day!', 'author': 'Alice'}
2025-09-12 18:18:14 | INFO | Sent message to topic 'buzzline_json': {'message': 'Have a great day!', 'author': 'Alice'}
2025-09-12 18:18:14 | INFO | Processed JSON message: {'message': 'Have a great day!', 'author': 'Alice'}
2025-09-12 18:18:14 | INFO | Message received from author: Alice
2025-09-12 18:18:14 | WARNING | ALERT author watch -> Alice
2025-09-12 18:18:15 | INFO | Sent message to topic 'buzzline_json': {'message': 'Hello, Kafka world!', 'author': 'Charlie'}
2025-09-12 18:18:15 | INFO | Processed JSON message: {'message': 'Hello, Kafka world!', 'author': 'Charlie'}
2025-09-12 18:18:15 | INFO | Message received from author: Charlie
2025-09-12 18:18:16 | INFO | Sent message to topic 'buzzline_json': {'message': 'JSON makes life easier.', 'author': 'Diana'}
2025-09-12 18:18:16 | INFO | Processed JSON message: {'message': 'JSON makes life easier.', 'author': 'Diana'}
2025-09-12 18:18:16 | INFO | Message received from author: Diana
2025-09-12 18:18:17 | WARNING | ALERT keyword 'python' in message: I love Python!
2025-09-12 18:18:17 | INFO | Sent message to topic 'buzzline_json': {'message': 'I love Python!', 'author': 'Bob'}
2025-09-12 18:18:17 | INFO | Processed JSON message: {'message': 'I love Python!', 'author': 'Bob'}
2025-09-12 18:18:17 | INFO | Message received from author: Bob
2025-09-12 18:18:17 | WARNING | ALERT keyword(s) ['python'] in message: I love Python!
2025-09-12 18:18:18 | INFO | Sent message to topic 'buzzline_json': {'message': 'Have a great day!', 'author': 'Diana'}
2025-09-12 18:18:18 | INFO | Processed JSON message: {'message': 'Have a great day!', 'author': 'Diana'}
2025-09-12 18:18:18 | INFO | Message received from author: Diana
2025-09-12 18:18:19 | WARNING | Special author detected: {'message': 'Hello, Kafka world!', 'author': 'Alice'}
2025-09-12 18:18:19 | INFO | Sent message to topic 'buzzline_json': {'message': 'Hello, Kafka world!', 'author': 'Alice'}
2025-09-12 18:18:19 | INFO | Processed JSON message: {'message': 'Hello, Kafka world!', 'author': 'Alice'}
2025-09-12 18:18:19 | INFO | Message received from author: Alice
2025-09-12 18:18:19 | WARNING | ALERT author watch -> Alice
2025-09-12 18:18:20 | WARNING | Special author detected: {'message': 'JSON makes life easier.', 'author': 'Alice'}
2025-09-12 18:18:20 | INFO | Sent message to topic 'buzzline_json': {'message': 'JSON makes life easier.', 'author': 'Alice'}
2025-09-12 18:18:20 | INFO | Processed JSON message: {'message': 'JSON makes life easier.', 'author': 'Alice'}
2025-09-12 18:18:20 | INFO | Message received from author: Alice
2025-09-12 18:18:20 | WARNING | ALERT author watch -> Alice
2025-09-12 18:18:21 | INFO | Sent message to topic 'buzzline_json': {'message': 'Buzz messages for everyone.', 'author': 'Charlie'}
2025-09-12 18:18:21 | INFO | Processed JSON message: {'message': 'Buzz messages for everyone.', 'author': 'Charlie'}
2025-09-12 18:18:21 | INFO | Message received from author: Charlie
2025-09-12 18:18:22 | INFO | Sent message to topic 'buzzline_json': {'message': 'Buzz messages for everyone.', 'author': 'Bob'}
2025-09-12 18:18:22 | INFO | Processed JSON message: {'message': 'Buzz messages for everyone.', 'author': 'Bob'}
2025-09-12 18:18:22 | INFO | Message received from author: Bob
2025-09-12 18:18:23 | INFO | Sent message to topic 'buzzline_json': {'message': 'Streaming data is fun.', 'author': 'Diana'}
2025-09-12 18:18:23 | INFO | Processed JSON message: {'message': 'Streaming data is fun.', 'author': 'Diana'}
2025-09-12 18:18:23 | INFO | Message received from author: Diana
2025-09-12 18:18:23 | WARNING | ALERT keyword(s) ['stream'] in message: Streaming data is fun.
2025-09-12 18:18:24 | INFO | Sent message to topic 'buzzline_json': {'message': 'Have a great day!', 'author': 'Diana'}
2025-09-12 18:18:24 | INFO | Processed JSON message: {'message': 'Have a great day!', 'author': 'Diana'}
2025-09-12 18:18:24 | INFO | Message received from author: Diana
2025-09-12 18:18:24 | INFO | [SUMMARY] messages=740 top_authors=[('Diana', 202), ('Alice', 178), ('Eve', 125)]
2025-09-12 18:18:25 | WARNING | Special author detected: {'message': 'I love Python!', 'author': 'Alice'}
2025-09-12 18:18:25 | WARNING | ALERT keyword 'python' in message: I love Python!
2025-09-12 18:18:25 | INFO | Sent message to topic 'buzzline_json': {'message': 'I love Python!', 'author': 'Alice'}
2025-09-12 18:18:25 | INFO | Processed JSON message: {'message': 'I love Python!', 'author': 'Alice'}
2025-09-12 18:18:25 | INFO | Message received from author: Alice
2025-09-12 18:18:25 | WARNING | ALERT author watch -> Alice
2025-09-12 18:18:25 | WARNING | ALERT keyword(s) ['python'] in message: I love Python!
2025-09-12 18:18:26 | INFO | Sent message to topic 'buzzline_json': {'message': 'Streaming data is fun.', 'author': 'Charlie'}
2025-09-12 18:18:26 | INFO | Processed JSON message: {'message': 'Streaming data is fun.', 'author': 'Charlie'}
2025-09-12 18:18:26 | INFO | Message received from author: Charlie
2025-09-12 18:18:26 | WARNING | ALERT keyword(s) ['stream'] in message: Streaming data is fun.
2025-09-12 18:18:27 | WARNING | Special author detected: {'message': 'Kafka is awesome.', 'author': 'Alice'}
2025-09-12 18:18:27 | INFO | Sent message to topic 'buzzline_json': {'message': 'Kafka is awesome.', 'author': 'Alice'}
2025-09-12 18:18:27 | INFO | Processed JSON message: {'message': 'Kafka is awesome.', 'author': 'Alice'}
2025-09-12 18:18:27 | INFO | Message received from author: Alice
2025-09-12 18:18:27 | WARNING | ALERT author watch -> Alice
2025-09-12 18:18:28 | INFO | Sent message to topic 'buzzline_json': {'message': 'Kafka is awesome.', 'author': 'Diana'}
2025-09-12 18:18:28 | INFO | Processed JSON message: {'message': 'Kafka is awesome.', 'author': 'Diana'}
2025-09-12 18:18:28 | INFO | Message received from author: Diana
2025-09-12 18:18:29 | WARNING | Special author detected: {'message': 'Kafka is awesome.', 'author': 'Alice'}
2025-09-12 18:18:29 | INFO | Sent message to topic 'buzzline_json': {'message': 'Kafka is awesome.', 'author': 'Alice'}
2025-09-12 18:18:29 | INFO | Processed JSON message: {'message': 'Kafka is awesome.', 'author': 'Alice'}
2025-09-12 18:18:29 | INFO | Message received from author: Alice
2025-09-12 18:18:29 | WARNING | ALERT author watch -> Alice
2025-09-12 18:18:30 | INFO | Sent message to topic 'buzzline_json': {'message': 'JSON makes life easier.', 'author': 'Bob'}
2025-09-12 18:18:30 | INFO | Processed JSON message: {'message': 'JSON makes life easier.', 'author': 'Bob'}
2025-09-12 18:18:31 | INFO | Message received from author: Bob
2025-09-12 18:18:31 | INFO | Sent message to topic 'buzzline_json': {'message': 'This is a buzz message.', 'author': 'Bob'}
2025-09-12 18:18:32 | INFO | Processed JSON message: {'message': 'This is a buzz message.', 'author': 'Bob'}
2025-09-12 18:18:32 | INFO | Message received from author: Bob
2025-09-12 18:18:32 | INFO | Sent message to topic 'buzzline_json': {'message': 'Streaming data is fun.', 'author': 'Diana'}
2025-09-12 18:18:33 | INFO | Processed JSON message: {'message': 'Streaming data is fun.', 'author': 'Diana'}
2025-09-12 18:18:33 | INFO | Message received from author: Diana
2025-09-12 18:18:33 | WARNING | ALERT keyword(s) ['stream'] in message: Streaming data is fun.
2025-09-12 18:18:34 | INFO | Sent message to topic 'buzzline_json': {'message': 'Have a great day!', 'author': 'Bob'}
2025-09-12 18:18:34 | INFO | Processed JSON message: {'message': 'Have a great day!', 'author': 'Bob'}
2025-09-12 18:18:34 | INFO | Message received from author: Bob
2025-09-12 18:18:35 | INFO | Sent message to topic 'buzzline_json': {'message': 'This is a buzz message.', 'author': 'Eve'}
2025-09-12 18:18:35 | INFO | Processed JSON message: {'message': 'This is a buzz message.', 'author': 'Eve'}
2025-09-12 18:18:35 | INFO | Message received from author: Eve
2025-09-12 18:18:35 | WARNING | ALERT author watch -> Eve
2025-09-12 18:18:36 | INFO | Sent message to topic 'buzzline_json': {'message': 'Hello, Kafka world!', 'author': 'Bob'}
2025-09-12 18:18:36 | INFO | Processed JSON message: {'message': 'Hello, Kafka world!', 'author': 'Bob'}
2025-09-12 18:18:36 | INFO | Message received from author: Bob
2025-09-12 18:18:37 | WARNING | Special author detected: {'message': 'This is a buzz message.', 'author': 'Alice'}
2025-09-12 18:18:37 | INFO | Sent message to topic 'buzzline_json': {'message': 'This is a buzz message.', 'author': 'Alice'}
2025-09-12 18:18:37 | INFO | Processed JSON message: {'message': 'This is a buzz message.', 'author': 'Alice'}
2025-09-12 18:18:37 | INFO | Message received from author: Alice
2025-09-12 18:18:37 | WARNING | ALERT author watch -> Alice
2025-09-12 18:18:38 | INFO | Sent message to topic 'buzzline_json': {'message': 'Streaming data is fun.', 'author': 'Eve'}
2025-09-12 18:18:38 | INFO | Processed JSON message: {'message': 'Streaming data is fun.', 'author': 'Eve'}
2025-09-12 18:18:38 | INFO | Message received from author: Eve
2025-09-12 18:18:38 | WARNING | ALERT author watch -> Eve
2025-09-12 18:18:38 | WARNING | ALERT keyword(s) ['stream'] in message: Streaming data is fun.
2025-09-12 18:18:39 | WARNING | Special author detected: {'message': 'Kafka is awesome.', 'author': 'Alice'}
2025-09-12 18:18:39 | INFO | Sent message to topic 'buzzline_json': {'message': 'Kafka is awesome.', 'author': 'Alice'}
2025-09-12 18:18:39 | INFO | Processed JSON message: {'message': 'Kafka is awesome.', 'author': 'Alice'}
2025-09-12 18:18:39 | INFO | Message received from author: Alice
2025-09-12 18:18:39 | WARNING | ALERT author watch -> Alice
2025-09-12 18:18:40 | INFO | Sent message to topic 'buzzline_json': {'message': 'JSON makes life easier.', 'author': 'Bob'}
2025-09-12 18:18:40 | INFO | Processed JSON message: {'message': 'JSON makes life easier.', 'author': 'Bob'}
2025-09-12 18:18:40 | INFO | Message received from author: Bob
2025-09-12 18:18:41 | INFO | Sent message to topic 'buzzline_json': {'message': 'This is a buzz message.', 'author': 'Charlie'}
2025-09-12 18:18:41 | INFO | Processed JSON message: {'message': 'This is a buzz message.', 'author': 'Charlie'}
2025-09-12 18:18:41 | INFO | Message received from author: Charlie
2025-09-12 18:18:42 | INFO | Sent message to topic 'buzzline_json': {'message': 'Have a great day!', 'author': 'Diana'}
2025-09-12 18:18:42 | INFO | Processed JSON message: {'message': 'Have a great day!', 'author': 'Diana'}
2025-09-12 18:18:42 | INFO | Message received from author: Diana
2025-09-12 18:18:43 | INFO | Sent message to topic 'buzzline_json': {'message': 'Distributed systems are fascinating.', 'author': 'Bob'}
2025-09-12 18:18:43 | INFO | Processed JSON message: {'message': 'Distributed systems are fascinating.', 'author': 'Bob'}
2025-09-12 18:18:43 | INFO | Message received from author: Bob
2025-09-12 18:18:43 | WARNING | ALERT keyword(s) ['distributed'] in message: Distributed systems are fascinating.
2025-09-12 18:18:44 | WARNING | Special author detected: {'message': 'Kafka is awesome.', 'author': 'Alice'}
2025-09-12 18:18:44 | INFO | Sent message to topic 'buzzline_json': {'message': 'Kafka is awesome.', 'author': 'Alice'}
2025-09-12 18:18:44 | INFO | Processed JSON message: {'message': 'Kafka is awesome.', 'author': 'Alice'}
2025-09-12 18:18:44 | INFO | Message received from author: Alice
2025-09-12 18:18:44 | WARNING | ALERT author watch -> Alice
2025-09-12 18:18:45 | WARNING | Special author detected: {'message': 'Streaming data is fun.', 'author': 'Alice'}
2025-09-12 18:18:45 | INFO | Sent message to topic 'buzzline_json': {'message': 'Streaming data is fun.', 'author': 'Alice'}
2025-09-12 18:18:45 | INFO | Processed JSON message: {'message': 'Streaming data is fun.', 'author': 'Alice'}
2025-09-12 18:18:45 | INFO | Message received from author: Alice
2025-09-12 18:18:45 | WARNING | ALERT author watch -> Alice
2025-09-12 18:18:45 | WARNING | ALERT keyword(s) ['stream'] in message: Streaming data is fun.
2025-09-12 18:18:45 | INFO | [SUMMARY] messages=760 top_authors=[('Diana', 205), ('Alice', 185), ('Bob', 131)]
2025-09-12 18:18:46 | INFO | Sent message to topic 'buzzline_json': {'message': 'Have a great day!', 'author': 'Diana'}
2025-09-12 18:18:46 | INFO | Processed JSON message: {'message': 'Have a great day!', 'author': 'Diana'}
2025-09-12 18:18:46 | INFO | Message received from author: Diana
2025-09-12 18:18:47 | WARNING | Special author detected: {'message': 'Streaming data is fun.', 'author': 'Alice'}
2025-09-12 18:18:47 | INFO | Sent message to topic 'buzzline_json': {'message': 'Streaming data is fun.', 'author': 'Alice'}
2025-09-12 18:18:47 | INFO | Processed JSON message: {'message': 'Streaming data is fun.', 'author': 'Alice'}
2025-09-12 18:18:47 | INFO | Message received from author: Alice
2025-09-12 18:18:47 | WARNING | ALERT author watch -> Alice
2025-09-12 18:18:47 | WARNING | ALERT keyword(s) ['stream'] in message: Streaming data is fun.
2025-09-12 18:18:48 | INFO | Sent message to topic 'buzzline_json': {'message': 'This is a buzz message.', 'author': 'Diana'}
2025-09-12 18:18:48 | INFO | Processed JSON message: {'message': 'This is a buzz message.', 'author': 'Diana'}
2025-09-12 18:18:48 | INFO | Message received from author: Diana
2025-09-12 18:18:49 | INFO | Sent message to topic 'buzzline_json': {'message': 'Data engineering is my passion.', 'author': 'Bob'}
2025-09-12 18:18:49 | INFO | Processed JSON message: {'message': 'Data engineering is my passion.', 'author': 'Bob'}
2025-09-12 18:18:49 | INFO | Message received from author: Bob
2025-09-12 18:18:50 | INFO | Sent message to topic 'buzzline_json': {'message': 'Have a great day!', 'author': 'Diana'}
2025-09-12 18:18:50 | INFO | Processed JSON message: {'message': 'Have a great day!', 'author': 'Diana'}
2025-09-12 18:18:50 | INFO | Message received from author: Diana
2025-09-12 18:18:51 | WARNING | Special author detected: {'message': 'Kafka is awesome.', 'author': 'Alice'}
2025-09-12 18:18:51 | INFO | Sent message to topic 'buzzline_json': {'message': 'Kafka is awesome.', 'author': 'Alice'}
2025-09-12 18:18:51 | INFO | Processed JSON message: {'message': 'Kafka is awesome.', 'author': 'Alice'}
2025-09-12 18:18:51 | INFO | Message received from author: Alice
2025-09-12 18:18:51 | WARNING | ALERT author watch -> Alice
2025-09-12 18:18:52 | INFO | Sent message to topic 'buzzline_json': {'message': 'Kafka is awesome.', 'author': 'Eve'}
2025-09-12 18:18:52 | INFO | Processed JSON message: {'message': 'Kafka is awesome.', 'author': 'Eve'}
2025-09-12 18:18:52 | INFO | Message received from author: Eve
2025-09-12 18:18:52 | WARNING | ALERT author watch -> Eve
2025-09-12 18:18:53 | INFO | Sent message to topic 'buzzline_json': {'message': 'Have a great day!', 'author': 'Diana'}
2025-09-12 18:18:53 | INFO | Processed JSON message: {'message': 'Have a great day!', 'author': 'Diana'}
2025-09-12 18:18:53 | INFO | Message received from author: Diana
2025-09-12 18:18:53 | WARNING | Consumer interrupted by user.
2025-09-12 18:18:53 | INFO | Kafka consumer for topic 'buzzline_json' closed.
2025-09-12 18:18:53 | INFO | END consumer for topic 'buzzline_json' and group 'buzz_group'.
2025-09-12 18:18:54 | INFO | Sent message to topic 'buzzline_json': {'message': 'Buzz messages for everyone.', 'author': 'Charlie'}
2025-09-12 18:18:55 | INFO | Sent message to topic 'buzzline_json': {'message': 'This is a buzz message.', 'author': 'Charlie'}
2025-09-12 18:18:56 | WARNING | Special author detected: {'message': 'Streaming data is fun.', 'author': 'Alice'}
2025-09-12 18:18:56 | INFO | Sent message to topic 'buzzline_json': {'message': 'Streaming data is fun.', 'author': 'Alice'}
2025-09-12 18:18:57 | INFO | Sent message to topic 'buzzline_json': {'message': 'Hello, Kafka world!', 'author': 'Diana'}
2025-09-12 18:18:58 | INFO | Sent message to topic 'buzzline_json': {'message': 'Kafka is awesome.', 'author': 'Bob'}
2025-09-12 18:18:59 | WARNING | ALERT keyword 'python' in message: I love Python!
2025-09-12 18:18:59 | INFO | Sent message to topic 'buzzline_json': {'message': 'I love Python!', 'author': 'Eve'}
2025-09-12 18:19:00 | INFO | Sent message to topic 'buzzline_json': {'message': 'JSON makes life easier.', 'author': 'Charlie'}
2025-09-12 18:19:01 | WARNING | ALERT keyword 'python' in message: I love Python!
2025-09-12 18:19:01 | INFO | Sent message to topic 'buzzline_json': {'message': 'I love Python!', 'author': 'Charlie'}
2025-09-12 18:19:02 | WARNING | ALERT keyword 'python' in message: I love Python!
2025-09-12 18:19:02 | INFO | Sent message to topic 'buzzline_json': {'message': 'I love Python!', 'author': 'Charlie'}
2025-09-12 18:19:03 | WARNING | ALERT keyword 'python' in message: I love Python!
2025-09-12 18:19:03 | INFO | Sent message to topic 'buzzline_json': {'message': 'I love Python!', 'author': 'Diana'}
2025-09-12 18:19:04 | INFO | Sent message to topic 'buzzline_json': {'message': 'Streaming data is fun.', 'author': 'Diana'}
2025-09-12 18:19:05 | INFO | Sent message to topic 'buzzline_json': {'message': 'Data engineering is my passion.', 'author': 'Eve'}
2025-09-12 18:19:06 | INFO | Sent message to topic 'buzzline_json': {'message': 'Buzz messages for everyone.', 'author': 'Eve'}
2025-09-12 18:19:06 | WARNING | Producer interrupted by user.
2025-09-12 18:19:06 | INFO | Kafka producer closed.
2025-09-12 18:19:06 | INFO | END producer.
2025-09-12 18:33:14 | INFO | Logging to file: logs/project_log.log
2025-09-12 18:33:14 | INFO | Log sanitization enabled, personal info removed
2025-09-12 18:33:14 | INFO | Project root: PROJECT_ROOT
2025-09-12 18:33:14 | INFO | Data folder: PROJECT_ROOT/data
2025-09-12 18:33:14 | INFO | Data file: PROJECT_ROOT/data/smoker_temps.csv
2025-09-12 18:33:14 | INFO | START producer.
2025-09-12 18:33:14 | INFO | Kafka broker address: localhost:9092
2025-09-12 18:33:14 | INFO | Kafka is ready. Brokers: {'throttle_time_ms': 0, 'brokers': [{'node_id': 1, 'host': 'localhost', 'port': 9092, 'rack': None}], 'cluster_id': 'HpVDt2xUThyOIoAj7H8wjg', 'controller_id': 1}
2025-09-12 18:33:14 | INFO | Kafka topic: smoker_csv
2025-09-12 18:33:14 | INFO | Message interval: 5 seconds
2025-09-12 18:33:14 | INFO | Kafka broker address: localhost:9092
2025-09-12 18:33:14 | INFO | Connecting to Kafka broker at localhost:9092...
2025-09-12 18:33:14 | INFO | Kafka producer successfully created.
2025-09-12 18:33:14 | INFO | Kafka broker address: localhost:9092
2025-09-12 18:33:14 | INFO | Topic 'smoker_csv' already exists. Recreating fresh...
2025-09-12 18:33:14 | INFO | Requested deletion of topic 'smoker_csv'.
2025-09-12 18:33:14 | INFO | Topic 'smoker_csv' created successfully.
2025-09-12 18:33:14 | INFO | Kafka topic 'smoker_csv' is ready.
2025-09-12 18:33:15 | INFO | Starting message production to topic 'smoker_csv'...
2025-09-12 18:33:15 | INFO | Opening data file in read mode: PROJECT_ROOT/data/smoker_temps.csv
2025-09-12 18:33:15 | INFO | Reading data from file: PROJECT_ROOT/data/smoker_temps.csv
2025-09-12 18:33:15 | INFO | Note: Low temperature reading 70.4°F
2025-09-12 18:33:15 | INFO | Sent message to topic 'smoker_csv': {'timestamp': '2025-09-12T23:33:15.006046', 'temperature': 70.4}
2025-09-12 18:33:20 | INFO | Note: Low temperature reading 70.8°F
2025-09-12 18:33:20 | INFO | Sent message to topic 'smoker_csv': {'timestamp': '2025-09-12T23:33:20.010663', 'temperature': 70.8}
2025-09-12 18:33:25 | INFO | Note: Low temperature reading 71.2°F
2025-09-12 18:33:25 | INFO | Sent message to topic 'smoker_csv': {'timestamp': '2025-09-12T23:33:25.014934', 'temperature': 71.2}
2025-09-12 18:33:30 | INFO | Note: Low temperature reading 71.6°F
2025-09-12 18:33:30 | INFO | Sent message to topic 'smoker_csv': {'timestamp': '2025-09-12T23:33:30.018153', 'temperature': 71.6}
2025-09-12 18:33:35 | INFO | Note: Low temperature reading 72.0°F
2025-09-12 18:33:35 | INFO | Sent message to topic 'smoker_csv': {'timestamp': '2025-09-12T23:33:35.022160', 'temperature': 72.0}
2025-09-12 18:33:40 | INFO | Note: Low temperature reading 72.4°F
2025-09-12 18:33:40 | INFO | Sent message to topic 'smoker_csv': {'timestamp': '2025-09-12T23:33:40.024758', 'temperature': 72.4}
2025-09-12 18:33:45 | INFO | Note: Low temperature reading 72.8°F
2025-09-12 18:33:45 | INFO | Sent message to topic 'smoker_csv': {'timestamp': '2025-09-12T23:33:45.027458', 'temperature': 72.8}
2025-09-12 18:33:46 | INFO | Logging to file: logs/project_log.log
2025-09-12 18:33:46 | INFO | Log sanitization enabled, personal info removed
2025-09-12 18:33:46 | INFO | START consumer.
2025-09-12 18:33:46 | INFO | Kafka topic: smoker_csv
2025-09-12 18:33:46 | INFO | Kafka consumer group id: smoker_group
2025-09-12 18:33:46 | INFO | Rolling window size: 10
2025-09-12 18:33:46 | INFO | Consumer: Topic 'smoker_csv' and group 'smoker_group'...
2025-09-12 18:33:46 | INFO | Rolling window size: 10
2025-09-12 18:33:46 | INFO | Kafka broker address: localhost:9092
2025-09-12 18:33:46 | INFO | Creating Kafka consumer. Topic='smoker_csv' and group ID='smoker_group'.
2025-09-12 18:33:46 | INFO | Kafka consumer created successfully.
2025-09-12 18:33:46 | INFO | Polling messages from topic 'smoker_csv'...
2025-09-12 18:33:49 | INFO | Processed JSON message: {'timestamp': '2025-09-12T23:33:15.006046', 'temperature': 70.4}
2025-09-12 18:33:49 | INFO | Rolling window size: 10
2025-09-12 18:33:49 | INFO | Processed JSON message: {'timestamp': '2025-09-12T23:33:20.010663', 'temperature': 70.8}
2025-09-12 18:33:49 | INFO | Rolling window size: 10
2025-09-12 18:33:49 | INFO | Processed JSON message: {'timestamp': '2025-09-12T23:33:25.014934', 'temperature': 71.2}
2025-09-12 18:33:49 | INFO | Rolling window size: 10
2025-09-12 18:33:49 | INFO | Processed JSON message: {'timestamp': '2025-09-12T23:33:30.018153', 'temperature': 71.6}
2025-09-12 18:33:49 | INFO | Rolling window size: 10
2025-09-12 18:33:49 | INFO | Processed JSON message: {'timestamp': '2025-09-12T23:33:35.022160', 'temperature': 72.0}
2025-09-12 18:33:49 | INFO | Rolling window size: 10
2025-09-12 18:33:49 | INFO | Processed JSON message: {'timestamp': '2025-09-12T23:33:40.024758', 'temperature': 72.4}
2025-09-12 18:33:49 | INFO | Rolling window size: 10
2025-09-12 18:33:49 | INFO | Processed JSON message: {'timestamp': '2025-09-12T23:33:45.027458', 'temperature': 72.8}
2025-09-12 18:33:49 | INFO | Rolling window size: 10
2025-09-12 18:33:50 | INFO | Note: Low temperature reading 73.2°F
2025-09-12 18:33:50 | INFO | Sent message to topic 'smoker_csv': {'timestamp': '2025-09-12T23:33:50.032823', 'temperature': 73.2}
2025-09-12 18:33:50 | INFO | Processed JSON message: {'timestamp': '2025-09-12T23:33:50.032823', 'temperature': 73.2}
2025-09-12 18:33:50 | INFO | Rolling window size: 10
2025-09-12 18:33:55 | INFO | Note: Low temperature reading 73.6°F
2025-09-12 18:33:55 | INFO | Sent message to topic 'smoker_csv': {'timestamp': '2025-09-12T23:33:55.036329', 'temperature': 73.6}
2025-09-12 18:33:55 | INFO | Processed JSON message: {'timestamp': '2025-09-12T23:33:55.036329', 'temperature': 73.6}
2025-09-12 18:33:55 | INFO | Rolling window size: 10
2025-09-12 18:34:00 | INFO | Note: Low temperature reading 74.0°F
2025-09-12 18:34:00 | INFO | Sent message to topic 'smoker_csv': {'timestamp': '2025-09-12T23:34:00.041289', 'temperature': 74.0}
2025-09-12 18:34:00 | INFO | Processed JSON message: {'timestamp': '2025-09-12T23:34:00.041289', 'temperature': 74.0}
2025-09-12 18:34:00 | INFO | Rolling window size: 10
2025-09-12 18:34:00 | INFO | Max stall temperature range: 0.2 F
2025-09-12 18:34:00 | INFO | [SUMMARY] Window full (10 readings). Avg temp=72.2°F
2025-09-12 18:34:05 | INFO | Note: Low temperature reading 74.4°F
2025-09-12 18:34:05 | INFO | Sent message to topic 'smoker_csv': {'timestamp': '2025-09-12T23:34:05.044201', 'temperature': 74.4}
2025-09-12 18:34:05 | INFO | Processed JSON message: {'timestamp': '2025-09-12T23:34:05.044201', 'temperature': 74.4}
2025-09-12 18:34:05 | INFO | Rolling window size: 10
2025-09-12 18:34:05 | INFO | Max stall temperature range: 0.2 F
2025-09-12 18:34:05 | INFO | [SUMMARY] Window full (10 readings). Avg temp=72.6°F
2025-09-12 18:34:10 | INFO | Note: Low temperature reading 74.8°F
2025-09-12 18:34:10 | INFO | Sent message to topic 'smoker_csv': {'timestamp': '2025-09-12T23:34:10.046244', 'temperature': 74.8}
2025-09-12 18:34:10 | INFO | Processed JSON message: {'timestamp': '2025-09-12T23:34:10.046244', 'temperature': 74.8}
2025-09-12 18:34:10 | INFO | Rolling window size: 10
2025-09-12 18:34:10 | INFO | Max stall temperature range: 0.2 F
2025-09-12 18:34:10 | INFO | [SUMMARY] Window full (10 readings). Avg temp=73.0°F
2025-09-12 18:34:15 | INFO | Note: Low temperature reading 75.2°F
2025-09-12 18:34:15 | INFO | Sent message to topic 'smoker_csv': {'timestamp': '2025-09-12T23:34:15.048953', 'temperature': 75.2}
2025-09-12 18:34:15 | INFO | Processed JSON message: {'timestamp': '2025-09-12T23:34:15.048953', 'temperature': 75.2}
2025-09-12 18:34:15 | INFO | Rolling window size: 10
2025-09-12 18:34:15 | INFO | Max stall temperature range: 0.2 F
2025-09-12 18:34:15 | INFO | [SUMMARY] Window full (10 readings). Avg temp=73.4°F
2025-09-12 18:34:20 | INFO | Note: Low temperature reading 75.6°F
2025-09-12 18:34:20 | INFO | Sent message to topic 'smoker_csv': {'timestamp': '2025-09-12T23:34:20.053777', 'temperature': 75.6}
2025-09-12 18:34:20 | INFO | Processed JSON message: {'timestamp': '2025-09-12T23:34:20.053777', 'temperature': 75.6}
2025-09-12 18:34:20 | INFO | Rolling window size: 10
2025-09-12 18:34:20 | INFO | Max stall temperature range: 0.2 F
2025-09-12 18:34:20 | INFO | [SUMMARY] Window full (10 readings). Avg temp=73.8°F
2025-09-12 18:34:25 | INFO | Note: Low temperature reading 76.0°F
2025-09-12 18:34:25 | INFO | Sent message to topic 'smoker_csv': {'timestamp': '2025-09-12T23:34:25.055008', 'temperature': 76.0}
2025-09-12 18:34:25 | INFO | Processed JSON message: {'timestamp': '2025-09-12T23:34:25.055008', 'temperature': 76.0}
2025-09-12 18:34:25 | INFO | Rolling window size: 10
2025-09-12 18:34:25 | INFO | Max stall temperature range: 0.2 F
2025-09-12 18:34:25 | INFO | [SUMMARY] Window full (10 readings). Avg temp=74.2°F
2025-09-12 18:34:30 | INFO | Note: Low temperature reading 76.4°F
2025-09-12 18:34:30 | INFO | Sent message to topic 'smoker_csv': {'timestamp': '2025-09-12T23:34:30.058091', 'temperature': 76.4}
2025-09-12 18:34:30 | INFO | Processed JSON message: {'timestamp': '2025-09-12T23:34:30.058091', 'temperature': 76.4}
2025-09-12 18:34:30 | INFO | Rolling window size: 10
2025-09-12 18:34:30 | INFO | Max stall temperature range: 0.2 F
2025-09-12 18:34:30 | INFO | [SUMMARY] Window full (10 readings). Avg temp=74.6°F
2025-09-12 18:34:35 | INFO | Note: Low temperature reading 76.8°F
2025-09-12 18:34:35 | INFO | Sent message to topic 'smoker_csv': {'timestamp': '2025-09-12T23:34:35.060110', 'temperature': 76.8}
2025-09-12 18:34:35 | INFO | Processed JSON message: {'timestamp': '2025-09-12T23:34:35.060110', 'temperature': 76.8}
2025-09-12 18:34:35 | INFO | Rolling window size: 10
2025-09-12 18:34:35 | INFO | Max stall temperature range: 0.2 F
2025-09-12 18:34:35 | INFO | [SUMMARY] Window full (10 readings). Avg temp=75.0°F
2025-09-12 18:34:40 | INFO | Note: Low temperature reading 77.2°F
2025-09-12 18:34:40 | INFO | Sent message to topic 'smoker_csv': {'timestamp': '2025-09-12T23:34:40.065294', 'temperature': 77.2}
2025-09-12 18:34:40 | INFO | Processed JSON message: {'timestamp': '2025-09-12T23:34:40.065294', 'temperature': 77.2}
2025-09-12 18:34:40 | INFO | Rolling window size: 10
2025-09-12 18:34:40 | INFO | Max stall temperature range: 0.2 F
2025-09-12 18:34:40 | INFO | [SUMMARY] Window full (10 readings). Avg temp=75.4°F
2025-09-12 18:34:45 | INFO | Note: Low temperature reading 77.6°F
2025-09-12 18:34:45 | INFO | Sent message to topic 'smoker_csv': {'timestamp': '2025-09-12T23:34:45.069025', 'temperature': 77.6}
2025-09-12 18:34:45 | INFO | Processed JSON message: {'timestamp': '2025-09-12T23:34:45.069025', 'temperature': 77.6}
2025-09-12 18:34:45 | INFO | Rolling window size: 10
2025-09-12 18:34:45 | INFO | Max stall temperature range: 0.2 F
2025-09-12 18:34:45 | INFO | [SUMMARY] Window full (10 readings). Avg temp=75.8°F
2025-09-12 18:34:48 | WARNING | Consumer interrupted by user.
2025-09-12 18:34:48 | INFO | Kafka consumer for topic 'smoker_csv' closed.
2025-09-12 18:34:50 | INFO | Note: Low temperature reading 78.0°F
2025-09-12 18:34:50 | INFO | Sent message to topic 'smoker_csv': {'timestamp': '2025-09-12T23:34:50.073681', 'temperature': 78.0}
2025-09-12 18:34:55 | INFO | Note: Low temperature reading 78.4°F
2025-09-12 18:34:55 | INFO | Sent message to topic 'smoker_csv': {'timestamp': '2025-09-12T23:34:55.077273', 'temperature': 78.4}
2025-09-12 18:35:00 | INFO | Note: Low temperature reading 78.8°F
2025-09-12 18:35:00 | INFO | Sent message to topic 'smoker_csv': {'timestamp': '2025-09-12T23:35:00.079784', 'temperature': 78.8}
2025-09-12 18:35:05 | INFO | Note: Low temperature reading 79.2°F
2025-09-12 18:35:05 | INFO | Sent message to topic 'smoker_csv': {'timestamp': '2025-09-12T23:35:05.084509', 'temperature': 79.2}
2025-09-12 18:35:06 | WARNING | Producer interrupted by user.
2025-09-12 18:35:06 | INFO | Kafka producer closed.
2025-09-12 18:35:06 | INFO | END producer.
